PRT1
364
878
4 0 4 (6144 5120 -768 ) (6144 5120 3072 ) (5120 5120 3072 ) (5120 5120 -768 ) 
4 0 2 (5120 5120 -768 ) (5120 5120 3072 ) (5120 6144 3072 ) (5120 6144 -768 ) 
4 0 1 (6144 5120 -768 ) (5120 5120 -768 ) (5120 6144 -768 ) (6144 6144 -768 ) 
4 1 5 (6144 5120 -1024 ) (6144 5120 -768 ) (5120 5120 -768 ) (5120 5120 -1024 ) 
4 1 3 (5120 5120 -1024 ) (5120 5120 -768 ) (5120 6144 -768 ) (5120 6144 -1024 ) 
4 2 8 (4096 5120 -768 ) (4096 5120 3072 ) (4096 6144 3072 ) (4096 6144 -768 ) 
4 2 6 (5120 5120 -768 ) (5120 5120 3072 ) (4096 5120 3072 ) (4096 5120 -768 ) 
4 2 3 (4096 6144 -768 ) (5120 6144 -768 ) (5120 5120 -768 ) (4096 5120 -768 ) 
4 3 9 (4096 5120 -1024 ) (4096 5120 -768 ) (4096 6144 -768 ) (4096 6144 -1024 ) 
4 3 7 (5120 5120 -1024 ) (5120 5120 -768 ) (4096 5120 -768 ) (4096 5120 -1024 ) 
4 4 24 (6144 4096 -768 ) (6144 4096 3072 ) (5120 4096 3072 ) (5120 4096 -768 ) 
4 4 6 (5120 5120 3072 ) (5120 5120 -768 ) (5120 4096 -768 ) (5120 4096 3072 ) 
4 4 5 (6144 4096 -768 ) (5120 4096 -768 ) (5120 5120 -768 ) (6144 5120 -768 ) 
4 5 25 (6144 4096 -1024 ) (6144 4096 -768 ) (5120 4096 -768 ) (5120 4096 -1024 ) 
4 5 7 (5120 5120 -768 ) (5120 5120 -1024 ) (5120 4096 -1024 ) (5120 4096 -768 ) 
4 6 26 (5120 4096 -768 ) (5120 4096 3072 ) (4096 4096 3072 ) (4096 4096 -768 ) 
4 6 12 (4096 4096 -768 ) (4096 4096 3072 ) (4096 5120 3072 ) (4096 5120 -768 ) 
4 6 7 (5120 5120 -768 ) (5120 4096 -768 ) (4096 4096 -768 ) (4096 5120 -768 ) 
4 7 27 (5120 4096 -1024 ) (5120 4096 -768 ) (4096 4096 -768 ) (4096 4096 -1024 ) 
4 7 13 (4096 4096 -1024 ) (4096 4096 -768 ) (4096 5120 -768 ) (4096 5120 -1024 ) 
4 8 12 (4096 5120 -768 ) (4096 5120 3072 ) (3072 5120 3072 ) (3072 5120 -768 ) 
4 8 10 (3072 5120 -768 ) (3072 5120 3072 ) (3072 6144 3072 ) (3072 6144 -768 ) 
4 8 9 (4096 5120 -768 ) (3072 5120 -768 ) (3072 6144 -768 ) (4096 6144 -768 ) 
4 9 13 (4096 5120 -1024 ) (4096 5120 -768 ) (3072 5120 -768 ) (3072 5120 -1024 ) 
4 9 11 (3072 5120 -1024 ) (3072 5120 -768 ) (3072 6144 -768 ) (3072 6144 -1024 ) 
4 10 16 (2048 5120 -768 ) (2048 5120 3072 ) (2048 6144 3072 ) (2048 6144 -768 ) 
4 10 14 (3072 5120 -768 ) (3072 5120 3072 ) (2048 5120 3072 ) (2048 5120 -768 ) 
4 10 11 (2048 6144 -768 ) (3072 6144 -768 ) (3072 5120 -768 ) (2048 5120 -768 ) 
4 11 17 (2048 5120 -1024 ) (2048 5120 -768 ) (2048 6144 -768 ) (2048 6144 -1024 ) 
4 11 15 (3072 5120 -1024 ) (3072 5120 -768 ) (2048 5120 -768 ) (2048 5120 -1024 ) 
4 12 40 (4096 4096 -768 ) (4096 4096 3072 ) (3072 4096 3072 ) (3072 4096 -768 ) 
4 12 14 (3072 5120 3072 ) (3072 5120 -768 ) (3072 4096 -768 ) (3072 4096 3072 ) 
4 12 13 (3072 5120 -768 ) (4096 5120 -768 ) (4096 4096 -768 ) (3072 4096 -768 ) 
4 13 41 (4096 4096 -1024 ) (4096 4096 -768 ) (3072 4096 -768 ) (3072 4096 -1024 ) 
4 13 15 (3072 5120 -768 ) (3072 5120 -1024 ) (3072 4096 -1024 ) (3072 4096 -768 ) 
4 14 42 (3072 4096 -768 ) (3072 4096 3072 ) (2048 4096 3072 ) (2048 4096 -768 ) 
4 14 20 (2048 4096 -768 ) (2048 4096 3072 ) (2048 5120 3072 ) (2048 5120 -768 ) 
4 14 15 (3072 5120 -768 ) (3072 4096 -768 ) (2048 4096 -768 ) (2048 5120 -768 ) 
4 15 43 (3072 4096 -1024 ) (3072 4096 -768 ) (2048 4096 -768 ) (2048 4096 -1024 ) 
4 15 21 (2048 4096 -1024 ) (2048 4096 -768 ) (2048 5120 -768 ) (2048 5120 -1024 ) 
4 16 20 (2048 5120 -768 ) (2048 5120 3072 ) (1024 5120 3072 ) (1024 5120 -768 ) 
4 16 18 (1024 5120 -768 ) (1024 5120 3072 ) (1024 6144 3072 ) (1024 6144 -768 ) 
4 16 17 (2048 5120 -768 ) (1024 5120 -768 ) (1024 6144 -768 ) (2048 6144 -768 ) 
4 17 21 (2048 5120 -1024 ) (2048 5120 -768 ) (1024 5120 -768 ) (1024 5120 -1024 ) 
4 17 19 (1024 5120 -1024 ) (1024 5120 -768 ) (1024 6144 -768 ) (1024 6144 -1024 ) 
4 18 91 (0 5120 -768 ) (0 5120 3072 ) (0 6144 3072 ) (0 6144 -768 ) 
4 18 22 (1024 5120 -768 ) (1024 5120 3072 ) (0 5120 3072 ) (0 5120 -768 ) 
4 18 19 (0 6144 -768 ) (1024 6144 -768 ) (1024 5120 -768 ) (0 5120 -768 ) 
4 19 92 (0 5120 -1024 ) (0 5120 -768 ) (0 6144 -768 ) (0 6144 -1024 ) 
4 19 23 (1024 5120 -1024 ) (1024 5120 -768 ) (0 5120 -768 ) (0 5120 -1024 ) 
4 20 51 (2048 4096 -768 ) (2048 4096 3072 ) (1024 4096 3072 ) (1024 4096 -768 ) 
4 20 22 (1024 5120 3072 ) (1024 5120 -768 ) (1024 4096 -768 ) (1024 4096 3072 ) 
4 20 21 (1024 5120 -768 ) (2048 5120 -768 ) (2048 4096 -768 ) (1024 4096 -768 ) 
4 21 52 (2048 4096 -1024 ) (2048 4096 -768 ) (1024 4096 -768 ) (1024 4096 -1024 ) 
4 21 23 (1024 5120 -768 ) (1024 5120 -1024 ) (1024 4096 -1024 ) (1024 4096 -768 ) 
4 22 95 (0 4096 -768 ) (0 4096 3072 ) (0 5120 3072 ) (0 5120 -768 ) 
4 22 53 (1024 4096 -768 ) (1024 4096 3072 ) (0 4096 3072 ) (0 4096 -768 ) 
4 22 23 (1024 5120 -768 ) (1024 4096 -768 ) (0 4096 -768 ) (0 5120 -768 ) 
4 23 96 (0 4096 -1024 ) (0 4096 -768 ) (0 5120 -768 ) (0 5120 -1024 ) 
4 23 54 (1024 4096 -1024 ) (1024 4096 -768 ) (0 4096 -768 ) (0 4096 -1024 ) 
4 24 28 (6144 3072 -768 ) (6144 3072 3072 ) (5120 3072 3072 ) (5120 3072 -768 ) 
4 24 26 (5120 4096 3072 ) (5120 4096 -768 ) (5120 3072 -768 ) (5120 3072 3072 ) 
4 24 25 (6144 3072 -768 ) (5120 3072 -768 ) (5120 4096 -768 ) (6144 4096 -768 ) 
4 25 29 (6144 3072 -1024 ) (6144 3072 -768 ) (5120 3072 -768 ) (5120 3072 -1024 ) 
4 25 27 (5120 4096 -768 ) (5120 4096 -1024 ) (5120 3072 -1024 ) (5120 3072 -768 ) 
4 26 40 (4096 4096 3072 ) (4096 4096 -768 ) (4096 3072 -768 ) (4096 3072 3072 ) 
4 26 30 (5120 3072 -768 ) (5120 3072 3072 ) (4096 3072 3072 ) (4096 3072 -768 ) 
4 26 27 (4096 4096 -768 ) (5120 4096 -768 ) (5120 3072 -768 ) (4096 3072 -768 ) 
4 27 41 (4096 4096 -768 ) (4096 4096 -1024 ) (4096 3072 -1024 ) (4096 3072 -768 ) 
4 27 31 (5120 3072 -1024 ) (5120 3072 -768 ) (4096 3072 -768 ) (4096 3072 -1024 ) 
4 28 32 (6144 2048 -768 ) (6144 2048 3072 ) (5120 2048 3072 ) (5120 2048 -768 ) 
4 28 30 (5120 3072 3072 ) (5120 3072 -768 ) (5120 2048 -768 ) (5120 2048 3072 ) 
4 28 29 (6144 2048 -768 ) (5120 2048 -768 ) (5120 3072 -768 ) (6144 3072 -768 ) 
4 29 33 (6144 2048 -1024 ) (6144 2048 -768 ) (5120 2048 -768 ) (5120 2048 -1024 ) 
4 29 31 (5120 3072 -768 ) (5120 3072 -1024 ) (5120 2048 -1024 ) (5120 2048 -768 ) 
4 30 44 (4096 2048 -768 ) (4096 2048 3072 ) (4096 3072 3072 ) (4096 3072 -768 ) 
4 30 34 (5120 2048 -768 ) (5120 2048 3072 ) (4096 2048 3072 ) (4096 2048 -768 ) 
4 30 31 (5120 3072 -768 ) (5120 2048 -768 ) (4096 2048 -768 ) (4096 3072 -768 ) 
4 31 45 (4096 2048 -1024 ) (4096 2048 -768 ) (4096 3072 -768 ) (4096 3072 -1024 ) 
4 31 35 (5120 2048 -1024 ) (5120 2048 -768 ) (4096 2048 -768 ) (4096 2048 -1024 ) 
4 32 36 (6144 1024 -768 ) (6144 1024 3072 ) (5120 1024 3072 ) (5120 1024 -768 ) 
4 32 34 (5120 2048 3072 ) (5120 2048 -768 ) (5120 1024 -768 ) (5120 1024 3072 ) 
4 32 33 (6144 1024 -768 ) (5120 1024 -768 ) (5120 2048 -768 ) (6144 2048 -768 ) 
4 33 37 (6144 1024 -1024 ) (6144 1024 -768 ) (5120 1024 -768 ) (5120 1024 -1024 ) 
4 33 35 (5120 2048 -768 ) (5120 2048 -1024 ) (5120 1024 -1024 ) (5120 1024 -768 ) 
4 34 63 (4096 1024 -768 ) (4096 1024 3072 ) (4096 2048 3072 ) (4096 2048 -768 ) 
4 34 38 (5120 1024 -768 ) (5120 1024 3072 ) (4096 1024 3072 ) (4096 1024 -768 ) 
4 34 35 (5120 2048 -768 ) (5120 1024 -768 ) (4096 1024 -768 ) (4096 2048 -768 ) 
4 35 64 (4096 1024 -1024 ) (4096 1024 -768 ) (4096 2048 -768 ) (4096 2048 -1024 ) 
4 35 39 (5120 1024 -1024 ) (5120 1024 -768 ) (4096 1024 -768 ) (4096 1024 -1024 ) 
4 36 182 (6144 0 -768 ) (6144 0 3072 ) (5120 0 3072 ) (5120 0 -768 ) 
4 36 38 (5120 1024 3072 ) (5120 1024 -768 ) (5120 0 -768 ) (5120 0 3072 ) 
4 36 37 (6144 0 -768 ) (5120 0 -768 ) (5120 1024 -768 ) (6144 1024 -768 ) 
4 37 183 (6144 0 -1024 ) (6144 0 -768 ) (5120 0 -768 ) (5120 0 -1024 ) 
4 37 39 (5120 1024 -768 ) (5120 1024 -1024 ) (5120 0 -1024 ) (5120 0 -768 ) 
4 38 184 (5120 0 -768 ) (5120 0 3072 ) (4096 0 3072 ) (4096 0 -768 ) 
4 38 69 (4096 0 -768 ) (4096 0 3072 ) (4096 1024 3072 ) (4096 1024 -768 ) 
4 38 39 (5120 1024 -768 ) (5120 0 -768 ) (4096 0 -768 ) (4096 1024 -768 ) 
4 39 185 (5120 0 -1024 ) (5120 0 -768 ) (4096 0 -768 ) (4096 0 -1024 ) 
4 39 70 (4096 0 -1024 ) (4096 0 -768 ) (4096 1024 -768 ) (4096 1024 -1024 ) 
4 40 44 (4096 3072 -768 ) (4096 3072 3072 ) (3072 3072 3072 ) (3072 3072 -768 ) 
4 40 42 (3072 4096 3072 ) (3072 4096 -768 ) (3072 3072 -768 ) (3072 3072 3072 ) 
4 40 41 (4096 3072 -768 ) (3072 3072 -768 ) (3072 4096 -768 ) (4096 4096 -768 ) 
4 41 45 (4096 3072 -1024 ) (4096 3072 -768 ) (3072 3072 -768 ) (3072 3072 -1024 ) 
4 41 43 (3072 4096 -768 ) (3072 4096 -1024 ) (3072 3072 -1024 ) (3072 3072 -768 ) 
4 42 51 (2048 4096 3072 ) (2048 4096 -768 ) (2048 3072 -768 ) (2048 3072 3072 ) 
4 42 47 (2168 3072 3072 ) (2048 3072 3072 ) (2048 3072 -768 ) (2168 3072 -768 ) 
4 42 46 (3072 3072 -768 ) (3072 3072 3072 ) (2168 3072 3072 ) (2168 3072 -768 ) 
4 42 43 (2048 4096 -768 ) (3072 4096 -768 ) (3072 3072 -768 ) (2048 3072 -768 ) 
4 43 52 (2048 4096 -768 ) (2048 4096 -1024 ) (2048 3072 -1024 ) (2048 3072 -768 ) 
4 43 50 (3072 3072 -1024 ) (3072 3072 -768 ) (2048 3072 -768 ) (2048 3072 -1024 ) 
4 44 63 (4096 2048 -768 ) (4096 2048 3072 ) (3072 2048 3072 ) (3072 2048 -768 ) 
4 44 46 (3072 3072 3072 ) (3072 3072 -768 ) (3072 2048 -768 ) (3072 2048 3072 ) 
4 44 45 (4096 2048 -768 ) (3072 2048 -768 ) (3072 3072 -768 ) (4096 3072 -768 ) 
4 45 64 (4096 2048 -1024 ) (4096 2048 -768 ) (3072 2048 -768 ) (3072 2048 -1024 ) 
4 45 50 (3072 3072 -768 ) (3072 3072 -1024 ) (3072 2048 -1024 ) (3072 2048 -768 ) 
4 46 66 (3072 2048 -768 ) (3072 2048 1 ) (2168 2048 1 ) (2168 2048 -768 ) 
4 46 65 (3072 2048 1 ) (3072 2048 3072 ) (2168 2048 3072 ) (2168 2048 1 ) 
4 46 50 (3072 3072 -768 ) (3072 2048 -768 ) (2168 2048 -768 ) (2168 3072 -768 ) 
4 46 48 (2168 2048 1 ) (2168 2048 3072 ) (2168 2168 3072 ) (2168 2168 1 ) 
4 46 49 (2168 2168 -768 ) (2168 2048 -768 ) (2168 2048 0 ) (2168 2168 0 ) 
4 46 47 (2168 3072 -768 ) (2168 2168 -768 ) (2168 2168 3072 ) (2168 3072 3072 ) 
4 47 56 (2048 3072 1 ) (2048 3072 -768 ) (2048 2168 -768 ) (2048 2168 1 ) 
4 47 55 (2048 2168 3072 ) (2048 3072 3072 ) (2048 3072 1 ) (2048 2168 1 ) 
4 47 50 (2048 2168 -768 ) (2048 3072 -768 ) (2168 3072 -768 ) (2168 2168 -768 ) 
4 47 48 (2168 2168 1 ) (2168 2168 3072 ) (2048 2168 3072 ) (2048 2168 1 ) 
4 47 49 (2048 2168 -768 ) (2168 2168 -768 ) (2168 2168 0 ) (2048 2168 0 ) 
4 48 65 (2168 2048 3072 ) (2048 2048 3072 ) (2048 2048 1 ) (2168 2048 1 ) 
4 48 55 (2048 2048 1 ) (2048 2048 3072 ) (2048 2168 3072 ) (2048 2168 1 ) 
4 49 67 (2048 2048 0 ) (2048 2048 -768 ) (2168 2048 -768 ) (2168 2048 0 ) 
4 49 57 (2048 2048 -768 ) (2048 2048 0 ) (2048 2168 0 ) (2048 2168 -768 ) 
4 49 50 (2168 2048 -768 ) (2048 2048 -768 ) (2048 2168 -768 ) (2168 2168 -768 ) 
4 50 68 (3072 2048 -1024 ) (3072 2048 -768 ) (2048 2048 -768 ) (2048 2048 -1024 ) 
4 50 58 (2048 2048 -1024 ) (2048 2048 -768 ) (2048 3072 -768 ) (2048 3072 -1024 ) 
4 51 56 (2048 3072 -768 ) (2048 3072 1 ) (1024 3072 1 ) (1024 3072 -768 ) 
4 51 55 (2048 3072 1 ) (2048 3072 3072 ) (1024 3072 3072 ) (1024 3072 1 ) 
4 51 53 (1024 4096 3072 ) (1024 4096 -768 ) (1024 3072 -768 ) (1024 3072 3072 ) 
4 51 52 (2048 3072 -768 ) (1024 3072 -768 ) (1024 4096 -768 ) (2048 4096 -768 ) 
4 52 58 (2048 3072 -1024 ) (2048 3072 -768 ) (1024 3072 -768 ) (1024 3072 -1024 ) 
4 52 54 (1024 4096 -768 ) (1024 4096 -1024 ) (1024 3072 -1024 ) (1024 3072 -768 ) 
4 53 115 (0 3072 -768 ) (0 3072 3072 ) (0 4096 3072 ) (0 4096 -768 ) 
4 53 60 (1024 3072 -768 ) (1024 3072 1 ) (0 3072 1 ) (0 3072 -768 ) 
4 53 59 (1024 3072 1 ) (1024 3072 3072 ) (0 3072 3072 ) (0 3072 1 ) 
4 53 54 (1024 4096 -768 ) (1024 3072 -768 ) (0 3072 -768 ) (0 4096 -768 ) 
4 54 116 (0 3072 -1024 ) (0 3072 -768 ) (0 4096 -768 ) (0 4096 -1024 ) 
4 54 62 (1024 3072 -1024 ) (1024 3072 -768 ) (0 3072 -768 ) (0 3072 -1024 ) 
4 55 75 (2048 2048 1 ) (2048 2048 3072 ) (1024 2048 3072 ) (1024 2048 1 ) 
4 55 59 (1024 3072 3072 ) (1024 3072 1 ) (1024 2048 1 ) (1024 2048 3072 ) 
4 55 56 (1024 2168 1 ) (1024 3072 1 ) (2048 3072 1 ) (2048 2168 1 ) 
4 56 60 (1024 3072 1 ) (1024 3072 -768 ) (1024 2168 -768 ) (1024 2168 1 ) 
4 56 58 (1024 3072 -768 ) (2048 3072 -768 ) (2048 2168 -768 ) (1024 2168 -768 ) 
4 56 57 (1024 2168 -768 ) (2048 2168 -768 ) (2048 2168 0 ) (1024 2168 0 ) 
4 57 77 (2048 2048 -768 ) (2048 2048 -64 ) (1024 2048 -64 ) (1024 2048 -768 ) 
4 57 61 (1024 2168 -768 ) (1024 2048 -768 ) (1024 2048 0 ) (1024 2168 0 ) 
4 57 58 (2048 2168 -768 ) (2048 2048 -768 ) (1024 2048 -768 ) (1024 2168 -768 ) 
4 58 78 (2048 2048 -1024 ) (2048 2048 -768 ) (1024 2048 -768 ) (1024 2048 -1024 ) 
4 58 62 (1024 3072 -768 ) (1024 3072 -1024 ) (1024 2048 -1024 ) (1024 2048 -768 ) 
4 59 119 (0 2048 1 ) (0 2048 3072 ) (0 3072 3072 ) (0 3072 1 ) 
4 59 79 (1024 2048 1 ) (1024 2048 3072 ) (0 2048 3072 ) (0 2048 1 ) 
4 59 60 (0 2168 1 ) (0 3072 1 ) (1024 3072 1 ) (1024 2168 1 ) 
4 60 120 (0 2168 1 ) (0 3072 1 ) (0 3072 -768 ) (0 2168 -768 ) 
4 60 62 (1024 3072 -768 ) (1024 2168 -768 ) (0 2168 -768 ) (0 3072 -768 ) 
4 60 61 (0 2168 -768 ) (1024 2168 -768 ) (1024 2168 0 ) (0 2168 0 ) 
4 61 121 (0 2048 -768 ) (0 2048 0 ) (0 2168 0 ) (0 2168 -768 ) 
4 61 81 (1024 2048 -768 ) (1024 2048 -64 ) (0 2048 -64 ) (0 2048 -768 ) 
4 61 62 (1024 2168 -768 ) (1024 2048 -768 ) (0 2048 -768 ) (0 2168 -768 ) 
4 62 122 (0 2048 -1024 ) (0 2048 -768 ) (0 3072 -768 ) (0 3072 -1024 ) 
4 62 82 (1024 2048 -1024 ) (1024 2048 -768 ) (0 2048 -768 ) (0 2048 -1024 ) 
4 63 69 (4096 1024 -768 ) (4096 1024 3072 ) (3072 1024 3072 ) (3072 1024 -768 ) 
4 63 66 (3072 2048 1 ) (3072 2048 -768 ) (3072 1024 -768 ) (3072 1024 1 ) 
4 63 65 (3072 2048 3072 ) (3072 2048 1 ) (3072 1024 1 ) (3072 1024 3072 ) 
4 63 64 (4096 1024 -768 ) (3072 1024 -768 ) (3072 2048 -768 ) (4096 2048 -768 ) 
4 64 70 (4096 1024 -1024 ) (4096 1024 -768 ) (3072 1024 -768 ) (3072 1024 -1024 ) 
4 64 68 (3072 2048 -768 ) (3072 2048 -1024 ) (3072 1024 -1024 ) (3072 1024 -768 ) 
4 65 75 (2048 2048 3072 ) (2048 2048 1 ) (2048 1024 1 ) (2048 1024 3072 ) 
4 65 71 (3072 1024 1 ) (3072 1024 3072 ) (2048 1024 3072 ) (2048 1024 1 ) 
4 65 66 (3072 1024 1 ) (2168 1024 1 ) (2168 2048 1 ) (3072 2048 1 ) 
4 66 72 (3072 1024 -768 ) (3072 1024 1 ) (2168 1024 1 ) (2168 1024 -768 ) 
4 66 68 (2168 2048 -768 ) (3072 2048 -768 ) (3072 1024 -768 ) (2168 1024 -768 ) 
4 66 67 (2168 2048 -768 ) (2168 1024 -768 ) (2168 1024 0 ) (2168 2048 0 ) 
4 67 77 (2048 2048 -64 ) (2048 2048 -768 ) (2048 1024 -768 ) (2048 1024 -64 ) 
4 67 73 (2048 1024 0 ) (2048 1024 -768 ) (2168 1024 -768 ) (2168 1024 0 ) 
4 67 68 (2048 2048 -768 ) (2168 2048 -768 ) (2168 1024 -768 ) (2048 1024 -768 ) 
4 68 78 (2048 2048 -768 ) (2048 2048 -1024 ) (2048 1024 -1024 ) (2048 1024 -768 ) 
4 68 74 (3072 1024 -1024 ) (3072 1024 -768 ) (2048 1024 -768 ) (2048 1024 -1024 ) 
4 69 198 (4096 0 -768 ) (4096 0 3072 ) (3072 0 3072 ) (3072 0 -768 ) 
4 69 72 (3072 1024 1 ) (3072 1024 -768 ) (3072 0 -768 ) (3072 0 1 ) 
4 69 71 (3072 1024 3072 ) (3072 1024 1 ) (3072 0 1 ) (3072 0 3072 ) 
4 69 70 (3072 1024 -768 ) (4096 1024 -768 ) (4096 0 -768 ) (3072 0 -768 ) 
4 70 199 (4096 0 -1024 ) (4096 0 -768 ) (3072 0 -768 ) (3072 0 -1024 ) 
4 70 74 (3072 1024 -768 ) (3072 1024 -1024 ) (3072 0 -1024 ) (3072 0 -768 ) 
4 71 200 (3072 0 1 ) (3072 0 3072 ) (2048 0 3072 ) (2048 0 1 ) 
4 71 83 (2048 0 1 ) (2048 0 3072 ) (2048 1024 3072 ) (2048 1024 1 ) 
4 71 72 (3072 0 1 ) (2168 0 1 ) (2168 1024 1 ) (3072 1024 1 ) 
4 72 201 (3072 0 -768 ) (3072 0 1 ) (2168 0 1 ) (2168 0 -768 ) 
4 72 74 (3072 1024 -768 ) (3072 0 -768 ) (2168 0 -768 ) (2168 1024 -768 ) 
4 72 73 (2168 1024 -768 ) (2168 0 -768 ) (2168 0 0 ) (2168 1024 0 ) 
4 73 202 (2048 0 0 ) (2048 0 -768 ) (2168 0 -768 ) (2168 0 0 ) 
4 73 85 (2048 0 -768 ) (2048 0 -64 ) (2048 1024 -64 ) (2048 1024 -768 ) 
4 73 74 (2168 0 -768 ) (2048 0 -768 ) (2048 1024 -768 ) (2168 1024 -768 ) 
4 74 203 (3072 0 -1024 ) (3072 0 -768 ) (2048 0 -768 ) (2048 0 -1024 ) 
4 74 86 (2048 0 -1024 ) (2048 0 -768 ) (2048 1024 -768 ) (2048 1024 -1024 ) 
4 75 83 (2048 1024 1 ) (2048 1024 3072 ) (1024 1024 3072 ) (1024 1024 1 ) 
4 75 79 (1024 2048 3072 ) (1024 2048 1 ) (1024 1024 1 ) (1024 1024 3072 ) 
4 75 76 (1928 1024 1 ) (1144 1024 1 ) (1144 1928 1 ) (1928 1928 1 ) 
4 76 84 (1928 1024 1 ) (1144 1024 1 ) (1144 1024 0 ) (1928 1024 0 ) 
4 77 85 (2048 1024 -768 ) (2048 1024 -64 ) (1024 1024 -64 ) (1024 1024 -768 ) 
4 77 81 (1024 2048 -64 ) (1024 2048 -768 ) (1024 1024 -768 ) (1024 1024 -64 ) 
4 77 78 (2048 1024 -768 ) (1024 1024 -768 ) (1024 2048 -768 ) (2048 2048 -768 ) 
4 78 86 (2048 1024 -1024 ) (2048 1024 -768 ) (1024 1024 -768 ) (1024 1024 -1024 ) 
4 78 82 (1024 2048 -768 ) (1024 2048 -1024 ) (1024 1024 -1024 ) (1024 1024 -768 ) 
4 79 138 (0 1024 1 ) (0 1024 3072 ) (0 2048 3072 ) (0 2048 1 ) 
4 79 87 (1024 1024 1 ) (1024 1024 3072 ) (0 1024 3072 ) (0 1024 1 ) 
4 79 80 (904 1024 1 ) (120 1024 1 ) (120 1928 1 ) (904 1928 1 ) 
4 80 88 (904 1024 1 ) (120 1024 1 ) (120 1024 0 ) (904 1024 0 ) 
4 81 140 (0 1024 -768 ) (0 1024 -64 ) (0 2048 -64 ) (0 2048 -768 ) 
4 81 89 (1024 1024 -768 ) (1024 1024 -64 ) (0 1024 -64 ) (0 1024 -768 ) 
4 81 82 (1024 2048 -768 ) (1024 1024 -768 ) (0 1024 -768 ) (0 2048 -768 ) 
4 82 141 (0 1024 -1024 ) (0 1024 -768 ) (0 2048 -768 ) (0 2048 -1024 ) 
4 82 90 (1024 1024 -1024 ) (1024 1024 -768 ) (0 1024 -768 ) (0 1024 -1024 ) 
4 83 210 (2048 0 1 ) (2048 0 3072 ) (1024 0 3072 ) (1024 0 1 ) 
4 83 87 (1024 1024 3072 ) (1024 1024 1 ) (1024 0 1 ) (1024 0 3072 ) 
4 83 84 (1144 1024 1 ) (1928 1024 1 ) (1928 120 1 ) (1144 120 1 ) 
4 85 212 (2048 0 -768 ) (2048 0 -64 ) (1024 0 -64 ) (1024 0 -768 ) 
4 85 89 (1024 1024 -64 ) (1024 1024 -768 ) (1024 0 -768 ) (1024 0 -64 ) 
4 85 86 (1024 1024 -768 ) (2048 1024 -768 ) (2048 0 -768 ) (1024 0 -768 ) 
4 86 213 (2048 0 -1024 ) (2048 0 -768 ) (1024 0 -768 ) (1024 0 -1024 ) 
4 86 90 (1024 1024 -768 ) (1024 1024 -1024 ) (1024 0 -1024 ) (1024 0 -768 ) 
4 87 214 (1024 0 1 ) (1024 0 3072 ) (0 0 3072 ) (0 0 1 ) 
4 87 146 (0 0 1 ) (0 0 3072 ) (0 1024 3072 ) (0 1024 1 ) 
4 87 88 (904 120 1 ) (120 120 1 ) (120 1024 1 ) (904 1024 1 ) 
4 89 216 (1024 0 -768 ) (1024 0 -64 ) (0 0 -64 ) (0 0 -768 ) 
4 89 148 (0 0 -768 ) (0 0 -64 ) (0 1024 -64 ) (0 1024 -768 ) 
4 89 90 (1024 1024 -768 ) (1024 0 -768 ) (0 0 -768 ) (0 1024 -768 ) 
4 90 217 (1024 0 -1024 ) (1024 0 -768 ) (0 0 -768 ) (0 0 -1024 ) 
4 90 149 (0 0 -1024 ) (0 0 -768 ) (0 1024 -768 ) (0 1024 -1024 ) 
4 91 95 (0 5120 -768 ) (0 5120 3072 ) (-1024 5120 3072 ) (-1024 5120 -768 ) 
4 91 93 (-1024 5120 -768 ) (-1024 5120 3072 ) (-1024 6144 3072 ) (-1024 6144 -768 ) 
4 91 92 (0 5120 -768 ) (-1024 5120 -768 ) (-1024 6144 -768 ) (0 6144 -768 ) 
4 92 96 (0 5120 -1024 ) (0 5120 -768 ) (-1024 5120 -768 ) (-1024 5120 -1024 ) 
4 92 94 (-1024 5120 -1024 ) (-1024 5120 -768 ) (-1024 6144 -768 ) (-1024 6144 -1024 ) 
4 93 99 (-2048 5120 -768 ) (-2048 5120 3072 ) (-2048 6144 3072 ) (-2048 6144 -768 ) 
4 93 97 (-1024 5120 -768 ) (-1024 5120 3072 ) (-2048 5120 3072 ) (-2048 5120 -768 ) 
4 93 94 (-2048 6144 -768 ) (-1024 6144 -768 ) (-1024 5120 -768 ) (-2048 5120 -768 ) 
4 94 100 (-2048 5120 -1024 ) (-2048 5120 -768 ) (-2048 6144 -768 ) (-2048 6144 -1024 ) 
4 94 98 (-1024 5120 -1024 ) (-1024 5120 -768 ) (-2048 5120 -768 ) (-2048 5120 -1024 ) 
4 95 115 (0 4096 -768 ) (0 4096 3072 ) (-1024 4096 3072 ) (-1024 4096 -768 ) 
4 95 97 (-1024 5120 3072 ) (-1024 5120 -768 ) (-1024 4096 -768 ) (-1024 4096 3072 ) 
4 95 96 (0 4096 -768 ) (-1024 4096 -768 ) (-1024 5120 -768 ) (0 5120 -768 ) 
4 96 116 (0 4096 -1024 ) (0 4096 -768 ) (-1024 4096 -768 ) (-1024 4096 -1024 ) 
4 96 98 (-1024 5120 -768 ) (-1024 5120 -1024 ) (-1024 4096 -1024 ) (-1024 4096 -768 ) 
4 97 117 (-1024 4096 -768 ) (-1024 4096 3072 ) (-2048 4096 3072 ) (-2048 4096 -768 ) 
4 97 103 (-2048 4096 -768 ) (-2048 4096 3072 ) (-2048 5120 3072 ) (-2048 5120 -768 ) 
4 97 98 (-1024 5120 -768 ) (-1024 4096 -768 ) (-2048 4096 -768 ) (-2048 5120 -768 ) 
4 98 118 (-1024 4096 -1024 ) (-1024 4096 -768 ) (-2048 4096 -768 ) (-2048 4096 -1024 ) 
4 98 104 (-2048 4096 -1024 ) (-2048 4096 -768 ) (-2048 5120 -768 ) (-2048 5120 -1024 ) 
4 99 103 (-2048 5120 -768 ) (-2048 5120 3072 ) (-3072 5120 3072 ) (-3072 5120 -768 ) 
4 99 101 (-3072 5120 -768 ) (-3072 5120 3072 ) (-3072 6144 3072 ) (-3072 6144 -768 ) 
4 99 100 (-2048 5120 -768 ) (-3072 5120 -768 ) (-3072 6144 -768 ) (-2048 6144 -768 ) 
4 100 104 (-2048 5120 -1024 ) (-2048 5120 -768 ) (-3072 5120 -768 ) (-3072 5120 -1024 ) 
4 100 102 (-3072 5120 -1024 ) (-3072 5120 -768 ) (-3072 6144 -768 ) (-3072 6144 -1024 ) 
4 101 107 (-4096 5120 -768 ) (-4096 5120 3072 ) (-4096 6144 3072 ) (-4096 6144 -768 ) 
4 101 105 (-3072 5120 -768 ) (-3072 5120 3072 ) (-4096 5120 3072 ) (-4096 5120 -768 ) 
4 101 102 (-4096 6144 -768 ) (-3072 6144 -768 ) (-3072 5120 -768 ) (-4096 5120 -768 ) 
4 102 108 (-4096 5120 -1024 ) (-4096 5120 -768 ) (-4096 6144 -768 ) (-4096 6144 -1024 ) 
4 102 106 (-3072 5120 -1024 ) (-3072 5120 -768 ) (-4096 5120 -768 ) (-4096 5120 -1024 ) 
4 103 127 (-2048 4096 -768 ) (-2048 4096 3072 ) (-3072 4096 3072 ) (-3072 4096 -768 ) 
4 103 105 (-3072 5120 3072 ) (-3072 5120 -768 ) (-3072 4096 -768 ) (-3072 4096 3072 ) 
4 103 104 (-3072 5120 -768 ) (-2048 5120 -768 ) (-2048 4096 -768 ) (-3072 4096 -768 ) 
4 104 128 (-2048 4096 -1024 ) (-2048 4096 -768 ) (-3072 4096 -768 ) (-3072 4096 -1024 ) 
4 104 106 (-3072 5120 -768 ) (-3072 5120 -1024 ) (-3072 4096 -1024 ) (-3072 4096 -768 ) 
4 105 129 (-3072 4096 -768 ) (-3072 4096 3072 ) (-4096 4096 3072 ) (-4096 4096 -768 ) 
4 105 111 (-4096 4096 -768 ) (-4096 4096 3072 ) (-4096 5120 3072 ) (-4096 5120 -768 ) 
4 105 106 (-3072 5120 -768 ) (-3072 4096 -768 ) (-4096 4096 -768 ) (-4096 5120 -768 ) 
4 106 130 (-3072 4096 -1024 ) (-3072 4096 -768 ) (-4096 4096 -768 ) (-4096 4096 -1024 ) 
4 106 112 (-4096 4096 -1024 ) (-4096 4096 -768 ) (-4096 5120 -768 ) (-4096 5120 -1024 ) 
4 107 111 (-4096 5120 -768 ) (-4096 5120 3072 ) (-5120 5120 3072 ) (-5120 5120 -768 ) 
4 107 109 (-5120 5120 -768 ) (-5120 5120 3072 ) (-5120 6144 3072 ) (-5120 6144 -768 ) 
4 107 108 (-4096 5120 -768 ) (-5120 5120 -768 ) (-5120 6144 -768 ) (-4096 6144 -768 ) 
4 108 112 (-4096 5120 -1024 ) (-4096 5120 -768 ) (-5120 5120 -768 ) (-5120 5120 -1024 ) 
4 108 110 (-5120 5120 -1024 ) (-5120 5120 -768 ) (-5120 6144 -768 ) (-5120 6144 -1024 ) 
4 109 113 (-5120 5120 -768 ) (-5120 5120 3072 ) (-6144 5120 3072 ) (-6144 5120 -768 ) 
4 109 110 (-6144 6144 -768 ) (-5120 6144 -768 ) (-5120 5120 -768 ) (-6144 5120 -768 ) 
4 110 114 (-5120 5120 -1024 ) (-5120 5120 -768 ) (-6144 5120 -768 ) (-6144 5120 -1024 ) 
4 111 166 (-4096 4096 -768 ) (-4096 4096 3072 ) (-5120 4096 3072 ) (-5120 4096 -768 ) 
4 111 113 (-5120 5120 3072 ) (-5120 5120 -768 ) (-5120 4096 -768 ) (-5120 4096 3072 ) 
4 111 112 (-5120 5120 -768 ) (-4096 5120 -768 ) (-4096 4096 -768 ) (-5120 4096 -768 ) 
4 112 167 (-4096 4096 -1024 ) (-4096 4096 -768 ) (-5120 4096 -768 ) (-5120 4096 -1024 ) 
4 112 114 (-5120 5120 -768 ) (-5120 5120 -1024 ) (-5120 4096 -1024 ) (-5120 4096 -768 ) 
4 113 168 (-5120 4096 -768 ) (-5120 4096 3072 ) (-6144 4096 3072 ) (-6144 4096 -768 ) 
4 113 114 (-5120 5120 -768 ) (-5120 4096 -768 ) (-6144 4096 -768 ) (-6144 5120 -768 ) 
4 114 169 (-5120 4096 -1024 ) (-5120 4096 -768 ) (-6144 4096 -768 ) (-6144 4096 -1024 ) 
4 115 120 (0 3072 -768 ) (0 3072 1 ) (-1024 3072 1 ) (-1024 3072 -768 ) 
4 115 119 (0 3072 1 ) (0 3072 3072 ) (-1024 3072 3072 ) (-1024 3072 1 ) 
4 115 117 (-1024 4096 3072 ) (-1024 4096 -768 ) (-1024 3072 -768 ) (-1024 3072 3072 ) 
4 115 116 (0 3072 -768 ) (-1024 3072 -768 ) (-1024 4096 -768 ) (0 4096 -768 ) 
4 116 122 (0 3072 -1024 ) (0 3072 -768 ) (-1024 3072 -768 ) (-1024 3072 -1024 ) 
4 116 118 (-1024 4096 -768 ) (-1024 4096 -1024 ) (-1024 3072 -1024 ) (-1024 3072 -768 ) 
4 117 127 (-2048 4096 3072 ) (-2048 4096 -768 ) (-2048 3072 -768 ) (-2048 3072 3072 ) 
4 117 124 (-1024 3072 -768 ) (-1024 3072 1 ) (-2048 3072 1 ) (-2048 3072 -768 ) 
4 117 123 (-1024 3072 1 ) (-1024 3072 3072 ) (-2048 3072 3072 ) (-2048 3072 1 ) 
4 117 118 (-2048 4096 -768 ) (-1024 4096 -768 ) (-1024 3072 -768 ) (-2048 3072 -768 ) 
4 118 128 (-2048 4096 -768 ) (-2048 4096 -1024 ) (-2048 3072 -1024 ) (-2048 3072 -768 ) 
4 118 126 (-1024 3072 -1024 ) (-1024 3072 -768 ) (-2048 3072 -768 ) (-2048 3072 -1024 ) 
4 119 138 (0 2048 1 ) (0 2048 3072 ) (-1024 2048 3072 ) (-1024 2048 1 ) 
4 119 123 (-1024 3072 3072 ) (-1024 3072 1 ) (-1024 2048 1 ) (-1024 2048 3072 ) 
4 119 120 (-1024 2168 1 ) (-1024 3072 1 ) (0 3072 1 ) (0 2168 1 ) 
4 120 124 (-1024 3072 1 ) (-1024 3072 -768 ) (-1024 2168 -768 ) (-1024 2168 1 ) 
4 120 122 (-1024 2168 -768 ) (-1024 3072 -768 ) (0 3072 -768 ) (0 2168 -768 ) 
4 120 121 (-1024 2168 -768 ) (0 2168 -768 ) (0 2168 0 ) (-1024 2168 0 ) 
4 121 140 (0 2048 -768 ) (0 2048 -64 ) (-1024 2048 -64 ) (-1024 2048 -768 ) 
4 121 125 (-1024 2168 -768 ) (-1024 2048 -768 ) (-1024 2048 0 ) (-1024 2168 0 ) 
4 121 122 (0 2048 -768 ) (-1024 2048 -768 ) (-1024 2168 -768 ) (0 2168 -768 ) 
4 122 141 (0 2048 -1024 ) (0 2048 -768 ) (-1024 2048 -768 ) (-1024 2048 -1024 ) 
4 122 126 (-1024 3072 -768 ) (-1024 3072 -1024 ) (-1024 2048 -1024 ) (-1024 2048 -768 ) 
4 123 142 (-1024 2048 1 ) (-1024 2048 3072 ) (-2048 2048 3072 ) (-2048 2048 1 ) 
4 123 132 (-2048 2048 1 ) (-2048 2048 3072 ) (-2048 2168 3072 ) (-2048 2168 1 ) 
4 123 131 (-2048 2168 3072 ) (-2048 3072 3072 ) (-2048 3072 1 ) (-2048 2168 1 ) 
4 123 124 (-2048 2168 1 ) (-2048 3072 1 ) (-1024 3072 1 ) (-1024 2168 1 ) 
4 124 131 (-2048 2168 1 ) (-2048 3072 1 ) (-2048 3072 -768 ) (-2048 2168 -768 ) 
4 124 126 (-1024 3072 -768 ) (-1024 2168 -768 ) (-2048 2168 -768 ) (-2048 3072 -768 ) 
4 124 125 (-2048 2168 -768 ) (-1024 2168 -768 ) (-1024 2168 0 ) (-2048 2168 0 ) 
4 125 144 (-1024 2048 -768 ) (-1024 2048 -64 ) (-2048 2048 -64 ) (-2048 2048 -768 ) 
4 125 133 (-2048 2048 -768 ) (-2048 2048 0 ) (-2048 2168 0 ) (-2048 2168 -768 ) 
4 125 126 (-1024 2168 -768 ) (-1024 2048 -768 ) (-2048 2048 -768 ) (-2048 2168 -768 ) 
4 126 145 (-1024 2048 -1024 ) (-1024 2048 -768 ) (-2048 2048 -768 ) (-2048 2048 -1024 ) 
4 126 135 (-2048 2048 -1024 ) (-2048 2048 -768 ) (-2048 3072 -768 ) (-2048 3072 -1024 ) 
4 127 131 (-2048 3072 -768 ) (-2048 3072 3072 ) (-2168 3072 3072 ) (-2168 3072 -768 ) 
4 127 134 (-2168 3072 3072 ) (-3072 3072 3072 ) (-3072 3072 -768 ) (-2168 3072 -768 ) 
4 127 129 (-3072 4096 3072 ) (-3072 4096 -768 ) (-3072 3072 -768 ) (-3072 3072 3072 ) 
4 127 128 (-2048 3072 -768 ) (-3072 3072 -768 ) (-3072 4096 -768 ) (-2048 4096 -768 ) 
4 128 135 (-2048 3072 -1024 ) (-2048 3072 -768 ) (-3072 3072 -768 ) (-3072 3072 -1024 ) 
4 128 130 (-3072 4096 -768 ) (-3072 4096 -1024 ) (-3072 3072 -1024 ) (-3072 3072 -768 ) 
4 129 166 (-4096 4096 3072 ) (-4096 4096 -768 ) (-4096 3072 -768 ) (-4096 3072 3072 ) 
4 129 136 (-3072 3072 -768 ) (-3072 3072 3072 ) (-4096 3072 3072 ) (-4096 3072 -768 ) 
4 129 130 (-4096 4096 -768 ) (-3072 4096 -768 ) (-3072 3072 -768 ) (-4096 3072 -768 ) 
4 130 167 (-4096 4096 -768 ) (-4096 4096 -1024 ) (-4096 3072 -1024 ) (-4096 3072 -768 ) 
4 130 137 (-3072 3072 -1024 ) (-3072 3072 -768 ) (-4096 3072 -768 ) (-4096 3072 -1024 ) 
4 131 135 (-2168 3072 -768 ) (-2048 3072 -768 ) (-2048 2168 -768 ) (-2168 2168 -768 ) 
4 131 132 (-2168 2168 3072 ) (-2168 2168 1 ) (-2048 2168 1 ) (-2048 2168 3072 ) 
4 131 133 (-2168 2168 0 ) (-2168 2168 -768 ) (-2048 2168 -768 ) (-2048 2168 0 ) 
4 131 134 (-2168 3072 -768 ) (-2168 2168 -768 ) (-2168 2168 3072 ) (-2168 3072 3072 ) 
4 132 154 (-2048 2048 1 ) (-2048 2048 3072 ) (-2168 2048 3072 ) (-2168 2048 1 ) 
4 132 134 (-2168 2048 1 ) (-2168 2048 3072 ) (-2168 2168 3072 ) (-2168 2168 1 ) 
4 133 155 (-2048 2048 -768 ) (-2048 2048 0 ) (-2168 2048 0 ) (-2168 2048 -768 ) 
4 133 135 (-2048 2168 -768 ) (-2048 2048 -768 ) (-2168 2048 -768 ) (-2168 2168 -768 ) 
4 133 134 (-2168 2168 -768 ) (-2168 2048 -768 ) (-2168 2048 0 ) (-2168 2168 0 ) 
4 134 156 (-3072 2048 1 ) (-3072 2048 -768 ) (-2168 2048 -768 ) (-2168 2048 1 ) 
4 134 154 (-2168 2048 3072 ) (-3072 2048 3072 ) (-3072 2048 1 ) (-2168 2048 1 ) 
4 134 136 (-3072 3072 3072 ) (-3072 3072 -768 ) (-3072 2048 -768 ) (-3072 2048 3072 ) 
4 134 135 (-3072 3072 -768 ) (-2168 3072 -768 ) (-2168 2048 -768 ) (-3072 2048 -768 ) 
4 135 157 (-2048 2048 -1024 ) (-2048 2048 -768 ) (-3072 2048 -768 ) (-3072 2048 -1024 ) 
4 135 137 (-3072 3072 -768 ) (-3072 3072 -1024 ) (-3072 2048 -1024 ) (-3072 2048 -768 ) 
4 136 170 (-4096 2048 -768 ) (-4096 2048 3072 ) (-4096 3072 3072 ) (-4096 3072 -768 ) 
4 136 158 (-3072 2048 -768 ) (-3072 2048 3072 ) (-4096 2048 3072 ) (-4096 2048 -768 ) 
4 136 137 (-3072 3072 -768 ) (-3072 2048 -768 ) (-4096 2048 -768 ) (-4096 3072 -768 ) 
4 137 171 (-4096 2048 -1024 ) (-4096 2048 -768 ) (-4096 3072 -768 ) (-4096 3072 -1024 ) 
4 137 159 (-3072 2048 -1024 ) (-3072 2048 -768 ) (-4096 2048 -768 ) (-4096 2048 -1024 ) 
4 138 146 (0 1024 1 ) (0 1024 3072 ) (-1024 1024 3072 ) (-1024 1024 1 ) 
4 138 142 (-1024 2048 3072 ) (-1024 2048 1 ) (-1024 1024 1 ) (-1024 1024 3072 ) 
4 138 139 (-120 1024 1 ) (-1024 1024 1 ) (-1024 1928 1 ) (-120 1928 1 ) 
4 139 147 (-120 1024 1 ) (-1024 1024 1 ) (-1024 1024 0 ) (-120 1024 0 ) 
4 139 143 (-1024 1928 0 ) (-1024 1024 0 ) (-1024 1024 1 ) (-1024 1928 1 ) 
4 140 148 (0 1024 -768 ) (0 1024 -64 ) (-1024 1024 -64 ) (-1024 1024 -768 ) 
4 140 144 (-1024 2048 -64 ) (-1024 2048 -768 ) (-1024 1024 -768 ) (-1024 1024 -64 ) 
4 140 141 (0 1024 -768 ) (-1024 1024 -768 ) (-1024 2048 -768 ) (0 2048 -768 ) 
4 141 149 (0 1024 -1024 ) (0 1024 -768 ) (-1024 1024 -768 ) (-1024 1024 -1024 ) 
4 141 145 (-1024 2048 -768 ) (-1024 2048 -1024 ) (-1024 1024 -1024 ) (-1024 1024 -768 ) 
4 142 154 (-2048 2048 3072 ) (-2048 2048 1 ) (-2048 1024 1 ) (-2048 1024 3072 ) 
4 142 150 (-1024 1024 1 ) (-1024 1024 3072 ) (-2048 1024 3072 ) (-2048 1024 1 ) 
4 142 143 (-1024 1928 1 ) (-1024 1024 1 ) (-1928 1024 1 ) (-1928 1928 1 ) 
4 143 151 (-1024 1024 0 ) (-1024 1024 1 ) (-1928 1024 1 ) (-1928 1024 0 ) 
4 144 155 (-2048 2048 -64 ) (-2048 2048 -768 ) (-2048 1024 -768 ) (-2048 1024 -64 ) 
4 144 152 (-1024 1024 -768 ) (-1024 1024 -64 ) (-2048 1024 -64 ) (-2048 1024 -768 ) 
4 144 145 (-2048 2048 -768 ) (-1024 2048 -768 ) (-1024 1024 -768 ) (-2048 1024 -768 ) 
4 145 157 (-2048 2048 -768 ) (-2048 2048 -1024 ) (-2048 1024 -1024 ) (-2048 1024 -768 ) 
4 145 153 (-1024 1024 -1024 ) (-1024 1024 -768 ) (-2048 1024 -768 ) (-2048 1024 -1024 ) 
4 146 273 (0 0 1 ) (0 0 3072 ) (-1024 0 3072 ) (-1024 0 1 ) 
4 146 150 (-1024 1024 3072 ) (-1024 1024 1 ) (-1024 0 1 ) (-1024 0 3072 ) 
4 146 147 (-1024 1024 1 ) (-120 1024 1 ) (-120 120 1 ) (-1024 120 1 ) 
4 147 151 (-1024 1024 1 ) (-1024 1024 0 ) (-1024 120 0 ) (-1024 120 1 ) 
4 148 275 (0 0 -768 ) (0 0 -64 ) (-1024 0 -64 ) (-1024 0 -768 ) 
4 148 152 (-1024 1024 -64 ) (-1024 1024 -768 ) (-1024 0 -768 ) (-1024 0 -64 ) 
4 148 149 (-1024 1024 -768 ) (0 1024 -768 ) (0 0 -768 ) (-1024 0 -768 ) 
4 149 276 (0 0 -1024 ) (0 0 -768 ) (-1024 0 -768 ) (-1024 0 -1024 ) 
4 149 153 (-1024 1024 -768 ) (-1024 1024 -1024 ) (-1024 0 -1024 ) (-1024 0 -768 ) 
4 150 277 (-1024 0 1 ) (-1024 0 3072 ) (-2048 0 3072 ) (-2048 0 1 ) 
4 150 160 (-2048 0 1 ) (-2048 0 3072 ) (-2048 1024 3072 ) (-2048 1024 1 ) 
4 150 151 (-1024 1024 1 ) (-1024 120 1 ) (-1928 120 1 ) (-1928 1024 1 ) 
4 152 279 (-1024 0 -768 ) (-1024 0 -64 ) (-2048 0 -64 ) (-2048 0 -768 ) 
4 152 161 (-2048 0 -768 ) (-2048 0 -64 ) (-2048 1024 -64 ) (-2048 1024 -768 ) 
4 152 153 (-1024 1024 -768 ) (-1024 0 -768 ) (-2048 0 -768 ) (-2048 1024 -768 ) 
4 153 280 (-1024 0 -1024 ) (-1024 0 -768 ) (-2048 0 -768 ) (-2048 0 -1024 ) 
4 153 163 (-2048 0 -1024 ) (-2048 0 -768 ) (-2048 1024 -768 ) (-2048 1024 -1024 ) 
4 154 160 (-2048 1024 1 ) (-2048 1024 3072 ) (-3072 1024 3072 ) (-3072 1024 1 ) 
4 154 158 (-3072 2048 3072 ) (-3072 2048 1 ) (-3072 1024 1 ) (-3072 1024 3072 ) 
4 154 156 (-3072 1024 1 ) (-3072 2048 1 ) (-2168 2048 1 ) (-2168 1024 1 ) 
4 155 161 (-2048 1024 -768 ) (-2048 1024 0 ) (-2168 1024 0 ) (-2168 1024 -768 ) 
4 155 157 (-2048 1024 -768 ) (-2168 1024 -768 ) (-2168 2048 -768 ) (-2048 2048 -768 ) 
4 155 156 (-2168 2048 -768 ) (-2168 1024 -768 ) (-2168 1024 0 ) (-2168 2048 0 ) 
4 156 162 (-2168 1024 1 ) (-3072 1024 1 ) (-3072 1024 -768 ) (-2168 1024 -768 ) 
4 156 158 (-3072 2048 1 ) (-3072 2048 -768 ) (-3072 1024 -768 ) (-3072 1024 1 ) 
4 156 157 (-2168 1024 -768 ) (-3072 1024 -768 ) (-3072 2048 -768 ) (-2168 2048 -768 ) 
4 157 163 (-2048 1024 -1024 ) (-2048 1024 -768 ) (-3072 1024 -768 ) (-3072 1024 -1024 ) 
4 157 159 (-3072 2048 -768 ) (-3072 2048 -1024 ) (-3072 1024 -1024 ) (-3072 1024 -768 ) 
4 158 174 (-4096 1024 -768 ) (-4096 1024 3072 ) (-4096 2048 3072 ) (-4096 2048 -768 ) 
4 158 164 (-3072 1024 -768 ) (-3072 1024 3072 ) (-4096 1024 3072 ) (-4096 1024 -768 ) 
4 158 159 (-3072 2048 -768 ) (-3072 1024 -768 ) (-4096 1024 -768 ) (-4096 2048 -768 ) 
4 159 175 (-4096 1024 -1024 ) (-4096 1024 -768 ) (-4096 2048 -768 ) (-4096 2048 -1024 ) 
4 159 165 (-3072 1024 -1024 ) (-3072 1024 -768 ) (-4096 1024 -768 ) (-4096 1024 -1024 ) 
4 160 289 (-2048 0 1 ) (-2048 0 3072 ) (-3072 0 3072 ) (-3072 0 1 ) 
4 160 164 (-3072 1024 3072 ) (-3072 1024 1 ) (-3072 0 1 ) (-3072 0 3072 ) 
4 160 162 (-2168 0 1 ) (-3072 0 1 ) (-3072 1024 1 ) (-2168 1024 1 ) 
4 161 290 (-2048 0 -768 ) (-2048 0 0 ) (-2168 0 0 ) (-2168 0 -768 ) 
4 161 163 (-2168 1024 -768 ) (-2048 1024 -768 ) (-2048 0 -768 ) (-2168 0 -768 ) 
4 161 162 (-2168 1024 -768 ) (-2168 0 -768 ) (-2168 0 0 ) (-2168 1024 0 ) 
4 162 291 (-2168 0 1 ) (-3072 0 1 ) (-3072 0 -768 ) (-2168 0 -768 ) 
4 162 164 (-3072 1024 1 ) (-3072 1024 -768 ) (-3072 0 -768 ) (-3072 0 1 ) 
4 162 163 (-3072 1024 -768 ) (-2168 1024 -768 ) (-2168 0 -768 ) (-3072 0 -768 ) 
4 163 292 (-2048 0 -1024 ) (-2048 0 -768 ) (-3072 0 -768 ) (-3072 0 -1024 ) 
4 163 165 (-3072 1024 -768 ) (-3072 1024 -1024 ) (-3072 0 -1024 ) (-3072 0 -768 ) 
4 164 293 (-3072 0 -768 ) (-3072 0 3072 ) (-4096 0 3072 ) (-4096 0 -768 ) 
4 164 178 (-4096 0 -768 ) (-4096 0 3072 ) (-4096 1024 3072 ) (-4096 1024 -768 ) 
4 164 165 (-3072 1024 -768 ) (-3072 0 -768 ) (-4096 0 -768 ) (-4096 1024 -768 ) 
4 165 294 (-3072 0 -1024 ) (-3072 0 -768 ) (-4096 0 -768 ) (-4096 0 -1024 ) 
4 165 179 (-4096 0 -1024 ) (-4096 0 -768 ) (-4096 1024 -768 ) (-4096 1024 -1024 ) 
4 166 170 (-4096 3072 -768 ) (-4096 3072 3072 ) (-5120 3072 3072 ) (-5120 3072 -768 ) 
4 166 168 (-5120 4096 3072 ) (-5120 4096 -768 ) (-5120 3072 -768 ) (-5120 3072 3072 ) 
4 166 167 (-4096 3072 -768 ) (-5120 3072 -768 ) (-5120 4096 -768 ) (-4096 4096 -768 ) 
4 167 171 (-4096 3072 -1024 ) (-4096 3072 -768 ) (-5120 3072 -768 ) (-5120 3072 -1024 ) 
4 167 169 (-5120 4096 -768 ) (-5120 4096 -1024 ) (-5120 3072 -1024 ) (-5120 3072 -768 ) 
4 168 172 (-5120 3072 -768 ) (-5120 3072 3072 ) (-6144 3072 3072 ) (-6144 3072 -768 ) 
4 168 169 (-6144 4096 -768 ) (-5120 4096 -768 ) (-5120 3072 -768 ) (-6144 3072 -768 ) 
4 169 173 (-5120 3072 -1024 ) (-5120 3072 -768 ) (-6144 3072 -768 ) (-6144 3072 -1024 ) 
4 170 174 (-4096 2048 -768 ) (-4096 2048 3072 ) (-5120 2048 3072 ) (-5120 2048 -768 ) 
4 170 172 (-5120 3072 3072 ) (-5120 3072 -768 ) (-5120 2048 -768 ) (-5120 2048 3072 ) 
4 170 171 (-4096 2048 -768 ) (-5120 2048 -768 ) (-5120 3072 -768 ) (-4096 3072 -768 ) 
4 171 175 (-4096 2048 -1024 ) (-4096 2048 -768 ) (-5120 2048 -768 ) (-5120 2048 -1024 ) 
4 171 173 (-5120 3072 -768 ) (-5120 3072 -1024 ) (-5120 2048 -1024 ) (-5120 2048 -768 ) 
4 172 176 (-5120 2048 -768 ) (-5120 2048 3072 ) (-6144 2048 3072 ) (-6144 2048 -768 ) 
4 172 173 (-5120 3072 -768 ) (-5120 2048 -768 ) (-6144 2048 -768 ) (-6144 3072 -768 ) 
4 173 177 (-5120 2048 -1024 ) (-5120 2048 -768 ) (-6144 2048 -768 ) (-6144 2048 -1024 ) 
4 174 178 (-4096 1024 -768 ) (-4096 1024 3072 ) (-5120 1024 3072 ) (-5120 1024 -768 ) 
4 174 176 (-5120 2048 3072 ) (-5120 2048 -768 ) (-5120 1024 -768 ) (-5120 1024 3072 ) 
4 174 175 (-4096 1024 -768 ) (-5120 1024 -768 ) (-5120 2048 -768 ) (-4096 2048 -768 ) 
4 175 179 (-4096 1024 -1024 ) (-4096 1024 -768 ) (-5120 1024 -768 ) (-5120 1024 -1024 ) 
4 175 177 (-5120 2048 -768 ) (-5120 2048 -1024 ) (-5120 1024 -1024 ) (-5120 1024 -768 ) 
4 176 180 (-5120 1024 -768 ) (-5120 1024 3072 ) (-6144 1024 3072 ) (-6144 1024 -768 ) 
4 176 177 (-6144 2048 -768 ) (-5120 2048 -768 ) (-5120 1024 -768 ) (-6144 1024 -768 ) 
4 177 181 (-5120 1024 -1024 ) (-5120 1024 -768 ) (-6144 1024 -768 ) (-6144 1024 -1024 ) 
4 178 324 (-4096 0 -768 ) (-4096 0 3072 ) (-5120 0 3072 ) (-5120 0 -768 ) 
4 178 180 (-5120 1024 3072 ) (-5120 1024 -768 ) (-5120 0 -768 ) (-5120 0 3072 ) 
4 178 179 (-5120 1024 -768 ) (-4096 1024 -768 ) (-4096 0 -768 ) (-5120 0 -768 ) 
4 179 325 (-4096 0 -1024 ) (-4096 0 -768 ) (-5120 0 -768 ) (-5120 0 -1024 ) 
4 179 181 (-5120 1024 -768 ) (-5120 1024 -1024 ) (-5120 0 -1024 ) (-5120 0 -768 ) 
4 180 326 (-5120 0 -768 ) (-5120 0 3072 ) (-6144 0 3072 ) (-6144 0 -768 ) 
4 180 181 (-5120 1024 -768 ) (-5120 0 -768 ) (-6144 0 -768 ) (-6144 1024 -768 ) 
4 181 327 (-5120 0 -1024 ) (-5120 0 -768 ) (-6144 0 -768 ) (-6144 0 -1024 ) 
4 182 186 (6144 -1024 -768 ) (6144 -1024 3072 ) (5120 -1024 3072 ) (5120 -1024 -768 ) 
4 182 184 (5120 0 3072 ) (5120 0 -768 ) (5120 -1024 -768 ) (5120 -1024 3072 ) 
4 182 183 (6144 -1024 -768 ) (5120 -1024 -768 ) (5120 0 -768 ) (6144 0 -768 ) 
4 183 187 (6144 -1024 -1024 ) (6144 -1024 -768 ) (5120 -1024 -768 ) (5120 -1024 -1024 ) 
4 183 185 (5120 0 -768 ) (5120 0 -1024 ) (5120 -1024 -1024 ) (5120 -1024 -768 ) 
4 184 198 (4096 0 3072 ) (4096 0 -768 ) (4096 -1024 -768 ) (4096 -1024 3072 ) 
4 184 188 (5120 -1024 -768 ) (5120 -1024 3072 ) (4096 -1024 3072 ) (4096 -1024 -768 ) 
4 184 185 (4096 0 -768 ) (5120 0 -768 ) (5120 -1024 -768 ) (4096 -1024 -768 ) 
4 185 199 (4096 0 -768 ) (4096 0 -1024 ) (4096 -1024 -1024 ) (4096 -1024 -768 ) 
4 185 189 (5120 -1024 -1024 ) (5120 -1024 -768 ) (4096 -1024 -768 ) (4096 -1024 -1024 ) 
4 186 190 (6144 -2048 -768 ) (6144 -2048 3072 ) (5120 -2048 3072 ) (5120 -2048 -768 ) 
4 186 188 (5120 -1024 3072 ) (5120 -1024 -768 ) (5120 -2048 -768 ) (5120 -2048 3072 ) 
4 186 187 (6144 -2048 -768 ) (5120 -2048 -768 ) (5120 -1024 -768 ) (6144 -1024 -768 ) 
4 187 191 (6144 -2048 -1024 ) (6144 -2048 -768 ) (5120 -2048 -768 ) (5120 -2048 -1024 ) 
4 187 189 (5120 -1024 -768 ) (5120 -1024 -1024 ) (5120 -2048 -1024 ) (5120 -2048 -768 ) 
4 188 204 (4096 -2048 -768 ) (4096 -2048 3072 ) (4096 -1024 3072 ) (4096 -1024 -768 ) 
4 188 192 (5120 -2048 -768 ) (5120 -2048 3072 ) (4096 -2048 3072 ) (4096 -2048 -768 ) 
4 188 189 (5120 -1024 -768 ) (5120 -2048 -768 ) (4096 -2048 -768 ) (4096 -1024 -768 ) 
4 189 205 (4096 -2048 -1024 ) (4096 -2048 -768 ) (4096 -1024 -768 ) (4096 -1024 -1024 ) 
4 189 193 (5120 -2048 -1024 ) (5120 -2048 -768 ) (4096 -2048 -768 ) (4096 -2048 -1024 ) 
4 190 194 (6144 -3072 -768 ) (6144 -3072 3072 ) (5120 -3072 3072 ) (5120 -3072 -768 ) 
4 190 192 (5120 -2048 3072 ) (5120 -2048 -768 ) (5120 -3072 -768 ) (5120 -3072 3072 ) 
4 190 191 (6144 -3072 -768 ) (5120 -3072 -768 ) (5120 -2048 -768 ) (6144 -2048 -768 ) 
4 191 195 (6144 -3072 -1024 ) (6144 -3072 -768 ) (5120 -3072 -768 ) (5120 -3072 -1024 ) 
4 191 193 (5120 -2048 -768 ) (5120 -2048 -1024 ) (5120 -3072 -1024 ) (5120 -3072 -768 ) 
4 192 226 (4096 -3072 -768 ) (4096 -3072 3072 ) (4096 -2048 3072 ) (4096 -2048 -768 ) 
4 192 196 (5120 -3072 -768 ) (5120 -3072 3072 ) (4096 -3072 3072 ) (4096 -3072 -768 ) 
4 192 193 (5120 -2048 -768 ) (5120 -3072 -768 ) (4096 -3072 -768 ) (4096 -2048 -768 ) 
4 193 227 (4096 -3072 -1024 ) (4096 -3072 -768 ) (4096 -2048 -768 ) (4096 -2048 -1024 ) 
4 193 197 (5120 -3072 -1024 ) (5120 -3072 -768 ) (4096 -3072 -768 ) (4096 -3072 -1024 ) 
4 194 249 (6144 -4096 -768 ) (6144 -4096 3072 ) (5120 -4096 3072 ) (5120 -4096 -768 ) 
4 194 196 (5120 -3072 3072 ) (5120 -3072 -768 ) (5120 -4096 -768 ) (5120 -4096 3072 ) 
4 194 195 (6144 -4096 -768 ) (5120 -4096 -768 ) (5120 -3072 -768 ) (6144 -3072 -768 ) 
4 195 250 (6144 -4096 -1024 ) (6144 -4096 -768 ) (5120 -4096 -768 ) (5120 -4096 -1024 ) 
4 195 197 (5120 -3072 -768 ) (5120 -3072 -1024 ) (5120 -4096 -1024 ) (5120 -4096 -768 ) 
4 196 251 (5120 -4096 -768 ) (5120 -4096 3072 ) (4096 -4096 3072 ) (4096 -4096 -768 ) 
4 196 233 (4096 -4096 -768 ) (4096 -4096 3072 ) (4096 -3072 3072 ) (4096 -3072 -768 ) 
4 196 197 (5120 -3072 -768 ) (5120 -4096 -768 ) (4096 -4096 -768 ) (4096 -3072 -768 ) 
4 197 252 (5120 -4096 -1024 ) (5120 -4096 -768 ) (4096 -4096 -768 ) (4096 -4096 -1024 ) 
4 197 234 (4096 -4096 -1024 ) (4096 -4096 -768 ) (4096 -3072 -768 ) (4096 -3072 -1024 ) 
4 198 204 (4096 -1024 -768 ) (4096 -1024 3072 ) (3072 -1024 3072 ) (3072 -1024 -768 ) 
4 198 201 (3072 0 1 ) (3072 0 -768 ) (3072 -1024 -768 ) (3072 -1024 1 ) 
4 198 200 (3072 0 3072 ) (3072 0 1 ) (3072 -1024 1 ) (3072 -1024 3072 ) 
4 198 199 (4096 -1024 -768 ) (3072 -1024 -768 ) (3072 0 -768 ) (4096 0 -768 ) 
4 199 205 (4096 -1024 -1024 ) (4096 -1024 -768 ) (3072 -1024 -768 ) (3072 -1024 -1024 ) 
4 199 203 (3072 0 -768 ) (3072 0 -1024 ) (3072 -1024 -1024 ) (3072 -1024 -768 ) 
4 200 210 (2048 0 3072 ) (2048 0 1 ) (2048 -1024 1 ) (2048 -1024 3072 ) 
4 200 206 (3072 -1024 1 ) (3072 -1024 3072 ) (2048 -1024 3072 ) (2048 -1024 1 ) 
4 200 201 (3072 -1024 1 ) (2168 -1024 1 ) (2168 0 1 ) (3072 0 1 ) 
4 201 207 (3072 -1024 -768 ) (3072 -1024 1 ) (2168 -1024 1 ) (2168 -1024 -768 ) 
4 201 203 (2168 0 -768 ) (3072 0 -768 ) (3072 -1024 -768 ) (2168 -1024 -768 ) 
4 201 202 (2168 0 -768 ) (2168 -1024 -768 ) (2168 -1024 0 ) (2168 0 0 ) 
4 202 212 (2048 0 -64 ) (2048 0 -768 ) (2048 -1024 -768 ) (2048 -1024 -64 ) 
4 202 208 (2048 -1024 0 ) (2048 -1024 -768 ) (2168 -1024 -768 ) (2168 -1024 0 ) 
4 202 203 (2048 0 -768 ) (2168 0 -768 ) (2168 -1024 -768 ) (2048 -1024 -768 ) 
4 203 213 (2048 0 -768 ) (2048 0 -1024 ) (2048 -1024 -1024 ) (2048 -1024 -768 ) 
4 203 209 (3072 -1024 -1024 ) (3072 -1024 -768 ) (2048 -1024 -768 ) (2048 -1024 -1024 ) 
4 204 226 (4096 -2048 -768 ) (4096 -2048 3072 ) (3072 -2048 3072 ) (3072 -2048 -768 ) 
4 204 207 (3072 -1024 1 ) (3072 -1024 -768 ) (3072 -2048 -768 ) (3072 -2048 1 ) 
4 204 206 (3072 -1024 3072 ) (3072 -1024 1 ) (3072 -2048 1 ) (3072 -2048 3072 ) 
4 204 205 (4096 -2048 -768 ) (3072 -2048 -768 ) (3072 -1024 -768 ) (4096 -1024 -768 ) 
4 205 227 (4096 -2048 -1024 ) (4096 -2048 -768 ) (3072 -2048 -768 ) (3072 -2048 -1024 ) 
4 205 209 (3072 -1024 -768 ) (3072 -1024 -1024 ) (3072 -2048 -1024 ) (3072 -2048 -768 ) 
4 206 229 (2168 -2048 3072 ) (2048 -2048 3072 ) (2048 -2048 1 ) (2168 -2048 1 ) 
4 206 228 (3072 -2048 1 ) (3072 -2048 3072 ) (2168 -2048 3072 ) (2168 -2048 1 ) 
4 206 218 (2048 -2048 1 ) (2048 -2048 3072 ) (2048 -1024 3072 ) (2048 -1024 1 ) 
4 206 207 (3072 -2048 1 ) (2168 -2048 1 ) (2168 -1024 1 ) (3072 -1024 1 ) 
4 207 228 (3072 -2048 -768 ) (3072 -2048 1 ) (2168 -2048 1 ) (2168 -2048 -768 ) 
4 207 209 (3072 -1024 -768 ) (3072 -2048 -768 ) (2168 -2048 -768 ) (2168 -1024 -768 ) 
4 207 208 (2168 -1024 -768 ) (2168 -2048 -768 ) (2168 -2048 0 ) (2168 -1024 0 ) 
4 208 230 (2048 -2048 0 ) (2048 -2048 -768 ) (2168 -2048 -768 ) (2168 -2048 0 ) 
4 208 220 (2048 -2048 -768 ) (2048 -2048 -64 ) (2048 -1024 -64 ) (2048 -1024 -768 ) 
4 208 209 (2168 -2048 -768 ) (2048 -2048 -768 ) (2048 -1024 -768 ) (2168 -1024 -768 ) 
4 209 232 (3072 -2048 -1024 ) (3072 -2048 -768 ) (2048 -2048 -768 ) (2048 -2048 -1024 ) 
4 209 221 (2048 -2048 -1024 ) (2048 -2048 -768 ) (2048 -1024 -768 ) (2048 -1024 -1024 ) 
4 210 218 (2048 -1024 1 ) (2048 -1024 3072 ) (1024 -1024 3072 ) (1024 -1024 1 ) 
4 210 214 (1024 0 3072 ) (1024 0 1 ) (1024 -1024 1 ) (1024 -1024 3072 ) 
4 210 211 (1144 -904 1 ) (1144 -120 1 ) (1928 -120 1 ) (1928 -904 1 ) 
4 212 220 (2048 -1024 -768 ) (2048 -1024 -64 ) (1024 -1024 -64 ) (1024 -1024 -768 ) 
4 212 216 (1024 0 -64 ) (1024 0 -768 ) (1024 -1024 -768 ) (1024 -1024 -64 ) 
4 212 213 (2048 -1024 -768 ) (1024 -1024 -768 ) (1024 0 -768 ) (2048 0 -768 ) 
4 213 221 (2048 -1024 -1024 ) (2048 -1024 -768 ) (1024 -1024 -768 ) (1024 -1024 -1024 ) 
4 213 217 (1024 0 -768 ) (1024 0 -1024 ) (1024 -1024 -1024 ) (1024 -1024 -768 ) 
4 214 273 (0 0 3072 ) (0 0 1 ) (0 -1024 1 ) (0 -1024 3072 ) 
4 214 222 (1024 -1024 1 ) (1024 -1024 3072 ) (0 -1024 3072 ) (0 -1024 1 ) 
4 214 215 (904 -904 1 ) (120 -904 1 ) (120 -120 1 ) (904 -120 1 ) 
4 216 275 (0 0 -64 ) (0 0 -768 ) (0 -1024 -768 ) (0 -1024 -64 ) 
4 216 224 (1024 -1024 -768 ) (1024 -1024 -64 ) (0 -1024 -64 ) (0 -1024 -768 ) 
4 216 217 (0 0 -768 ) (1024 0 -768 ) (1024 -1024 -768 ) (0 -1024 -768 ) 
4 217 276 (0 0 -768 ) (0 0 -1024 ) (0 -1024 -1024 ) (0 -1024 -768 ) 
4 217 225 (1024 -1024 -1024 ) (1024 -1024 -768 ) (0 -1024 -768 ) (0 -1024 -1024 ) 
4 218 237 (2048 -2048 1 ) (2048 -2048 3072 ) (1024 -2048 3072 ) (1024 -2048 1 ) 
4 218 222 (1024 -1024 3072 ) (1024 -1024 1 ) (1024 -2048 1 ) (1024 -2048 3072 ) 
4 218 219 (1928 -1144 1 ) (1928 -1928 1 ) (1144 -1928 1 ) (1144 -1144 1 ) 
4 220 238 (2048 -2048 -768 ) (2048 -2048 -64 ) (1024 -2048 -64 ) (1024 -2048 -768 ) 
4 220 224 (1024 -1024 -64 ) (1024 -1024 -768 ) (1024 -2048 -768 ) (1024 -2048 -64 ) 
4 220 221 (1024 -1024 -768 ) (2048 -1024 -768 ) (2048 -2048 -768 ) (1024 -2048 -768 ) 
4 221 240 (2048 -2048 -1024 ) (2048 -2048 -768 ) (1024 -2048 -768 ) (1024 -2048 -1024 ) 
4 221 225 (1024 -1024 -768 ) (1024 -1024 -1024 ) (1024 -2048 -1024 ) (1024 -2048 -768 ) 
4 222 281 (0 -2048 1 ) (0 -2048 3072 ) (0 -1024 3072 ) (0 -1024 1 ) 
4 222 241 (1024 -2048 1 ) (1024 -2048 3072 ) (0 -2048 3072 ) (0 -2048 1 ) 
4 222 223 (904 -1928 1 ) (120 -1928 1 ) (120 -1144 1 ) (904 -1144 1 ) 
4 224 283 (0 -2048 -768 ) (0 -2048 -64 ) (0 -1024 -64 ) (0 -1024 -768 ) 
4 224 242 (1024 -2048 -768 ) (1024 -2048 -64 ) (0 -2048 -64 ) (0 -2048 -768 ) 
4 224 225 (1024 -1024 -768 ) (1024 -2048 -768 ) (0 -2048 -768 ) (0 -1024 -768 ) 
4 225 284 (0 -2048 -1024 ) (0 -2048 -768 ) (0 -1024 -768 ) (0 -1024 -1024 ) 
4 225 244 (1024 -2048 -1024 ) (1024 -2048 -768 ) (0 -2048 -768 ) (0 -2048 -1024 ) 
4 226 233 (4096 -3072 -768 ) (4096 -3072 3072 ) (3072 -3072 3072 ) (3072 -3072 -768 ) 
4 226 228 (3072 -2048 3072 ) (3072 -2048 -768 ) (3072 -3072 -768 ) (3072 -3072 3072 ) 
4 226 227 (4096 -3072 -768 ) (3072 -3072 -768 ) (3072 -2048 -768 ) (4096 -2048 -768 ) 
4 227 234 (4096 -3072 -1024 ) (4096 -3072 -768 ) (3072 -3072 -768 ) (3072 -3072 -1024 ) 
4 227 232 (3072 -2048 -768 ) (3072 -2048 -1024 ) (3072 -3072 -1024 ) (3072 -3072 -768 ) 
4 228 235 (3072 -3072 -768 ) (3072 -3072 3072 ) (2168 -3072 3072 ) (2168 -3072 -768 ) 
4 228 232 (2168 -2048 -768 ) (3072 -2048 -768 ) (3072 -3072 -768 ) (2168 -3072 -768 ) 
4 228 229 (2168 -2168 1 ) (2168 -2168 3072 ) (2168 -2048 3072 ) (2168 -2048 1 ) 
4 228 230 (2168 -2048 -768 ) (2168 -2168 -768 ) (2168 -2168 0 ) (2168 -2048 0 ) 
4 228 231 (2168 -2168 -768 ) (2168 -3072 -768 ) (2168 -3072 3072 ) (2168 -2168 3072 ) 
4 229 237 (2048 -2048 3072 ) (2048 -2048 1 ) (2048 -2168 1 ) (2048 -2168 3072 ) 
4 229 231 (2168 -2168 1 ) (2168 -2168 3072 ) (2048 -2168 3072 ) (2048 -2168 1 ) 
4 230 238 (2048 -2048 0 ) (2048 -2048 -768 ) (2048 -2168 -768 ) (2048 -2168 0 ) 
4 230 232 (2048 -2048 -768 ) (2168 -2048 -768 ) (2168 -2168 -768 ) (2048 -2168 -768 ) 
4 230 231 (2048 -2168 -768 ) (2168 -2168 -768 ) (2168 -2168 0 ) (2048 -2168 0 ) 
4 231 239 (2048 -2168 -768 ) (2048 -3072 -768 ) (2048 -3072 1 ) (2048 -2168 1 ) 
4 231 237 (2048 -3072 1 ) (2048 -3072 3072 ) (2048 -2168 3072 ) (2048 -2168 1 ) 
4 231 235 (2168 -3072 3072 ) (2048 -3072 3072 ) (2048 -3072 -768 ) (2168 -3072 -768 ) 
4 231 232 (2168 -2168 -768 ) (2168 -3072 -768 ) (2048 -3072 -768 ) (2048 -2168 -768 ) 
4 232 240 (2048 -2048 -768 ) (2048 -2048 -1024 ) (2048 -3072 -1024 ) (2048 -3072 -768 ) 
4 232 236 (3072 -3072 -1024 ) (3072 -3072 -768 ) (2048 -3072 -768 ) (2048 -3072 -1024 ) 
4 233 257 (4096 -4096 -768 ) (4096 -4096 3072 ) (3072 -4096 3072 ) (3072 -4096 -768 ) 
4 233 235 (3072 -3072 3072 ) (3072 -3072 -768 ) (3072 -4096 -768 ) (3072 -4096 3072 ) 
4 233 234 (3072 -3072 -768 ) (4096 -3072 -768 ) (4096 -4096 -768 ) (3072 -4096 -768 ) 
4 234 258 (4096 -4096 -1024 ) (4096 -4096 -768 ) (3072 -4096 -768 ) (3072 -4096 -1024 ) 
4 234 236 (3072 -3072 -768 ) (3072 -3072 -1024 ) (3072 -4096 -1024 ) (3072 -4096 -768 ) 
4 235 259 (3072 -4096 -768 ) (3072 -4096 3072 ) (2048 -4096 3072 ) (2048 -4096 -768 ) 
4 235 245 (2048 -4096 -768 ) (2048 -4096 3072 ) (2048 -3072 3072 ) (2048 -3072 -768 ) 
4 235 236 (3072 -3072 -768 ) (3072 -4096 -768 ) (2048 -4096 -768 ) (2048 -3072 -768 ) 
4 236 260 (3072 -4096 -1024 ) (3072 -4096 -768 ) (2048 -4096 -768 ) (2048 -4096 -1024 ) 
4 236 246 (2048 -4096 -1024 ) (2048 -4096 -768 ) (2048 -3072 -768 ) (2048 -3072 -1024 ) 
4 237 245 (2048 -3072 1 ) (2048 -3072 3072 ) (1024 -3072 3072 ) (1024 -3072 1 ) 
4 237 241 (1024 -2048 3072 ) (1024 -2048 1 ) (1024 -3072 1 ) (1024 -3072 3072 ) 
4 237 239 (1024 -3072 1 ) (1024 -2168 1 ) (2048 -2168 1 ) (2048 -3072 1 ) 
4 238 242 (1024 -2048 0 ) (1024 -2048 -768 ) (1024 -2168 -768 ) (1024 -2168 0 ) 
4 238 240 (1024 -2168 -768 ) (1024 -2048 -768 ) (2048 -2048 -768 ) (2048 -2168 -768 ) 
4 238 239 (1024 -2168 -768 ) (2048 -2168 -768 ) (2048 -2168 0 ) (1024 -2168 0 ) 
4 239 245 (2048 -3072 -768 ) (2048 -3072 1 ) (1024 -3072 1 ) (1024 -3072 -768 ) 
4 239 243 (1024 -2168 -768 ) (1024 -3072 -768 ) (1024 -3072 1 ) (1024 -2168 1 ) 
4 239 240 (2048 -3072 -768 ) (1024 -3072 -768 ) (1024 -2168 -768 ) (2048 -2168 -768 ) 
4 240 246 (2048 -3072 -1024 ) (2048 -3072 -768 ) (1024 -3072 -768 ) (1024 -3072 -1024 ) 
4 240 244 (1024 -2048 -768 ) (1024 -2048 -1024 ) (1024 -3072 -1024 ) (1024 -3072 -768 ) 
4 241 301 (0 -3072 1 ) (0 -3072 3072 ) (0 -2048 3072 ) (0 -2048 1 ) 
4 241 247 (1024 -3072 1 ) (1024 -3072 3072 ) (0 -3072 3072 ) (0 -3072 1 ) 
4 241 243 (1024 -3072 1 ) (0 -3072 1 ) (0 -2168 1 ) (1024 -2168 1 ) 
4 242 302 (0 -2048 0 ) (0 -2048 -768 ) (0 -2168 -768 ) (0 -2168 0 ) 
4 242 244 (1024 -2048 -768 ) (1024 -2168 -768 ) (0 -2168 -768 ) (0 -2048 -768 ) 
4 242 243 (0 -2168 -768 ) (1024 -2168 -768 ) (1024 -2168 0 ) (0 -2168 0 ) 
4 243 303 (0 -3072 -768 ) (0 -3072 1 ) (0 -2168 1 ) (0 -2168 -768 ) 
4 243 247 (1024 -3072 -768 ) (1024 -3072 1 ) (0 -3072 1 ) (0 -3072 -768 ) 
4 243 244 (1024 -2168 -768 ) (1024 -3072 -768 ) (0 -3072 -768 ) (0 -2168 -768 ) 
4 244 304 (0 -3072 -1024 ) (0 -3072 -768 ) (0 -2048 -768 ) (0 -2048 -1024 ) 
4 244 248 (1024 -3072 -1024 ) (1024 -3072 -768 ) (0 -3072 -768 ) (0 -3072 -1024 ) 
4 245 265 (2048 -4096 -768 ) (2048 -4096 3072 ) (1024 -4096 3072 ) (1024 -4096 -768 ) 
4 245 247 (1024 -3072 3072 ) (1024 -3072 -768 ) (1024 -4096 -768 ) (1024 -4096 3072 ) 
4 245 246 (1024 -3072 -768 ) (2048 -3072 -768 ) (2048 -4096 -768 ) (1024 -4096 -768 ) 
4 246 266 (2048 -4096 -1024 ) (2048 -4096 -768 ) (1024 -4096 -768 ) (1024 -4096 -1024 ) 
4 246 248 (1024 -3072 -768 ) (1024 -3072 -1024 ) (1024 -4096 -1024 ) (1024 -4096 -768 ) 
4 247 309 (0 -4096 -768 ) (0 -4096 3072 ) (0 -3072 3072 ) (0 -3072 -768 ) 
4 247 267 (1024 -4096 -768 ) (1024 -4096 3072 ) (0 -4096 3072 ) (0 -4096 -768 ) 
4 247 248 (1024 -3072 -768 ) (1024 -4096 -768 ) (0 -4096 -768 ) (0 -3072 -768 ) 
4 248 310 (0 -4096 -1024 ) (0 -4096 -768 ) (0 -3072 -768 ) (0 -3072 -1024 ) 
4 248 268 (1024 -4096 -1024 ) (1024 -4096 -768 ) (0 -4096 -768 ) (0 -4096 -1024 ) 
4 249 253 (6144 -5120 -768 ) (6144 -5120 3072 ) (5120 -5120 3072 ) (5120 -5120 -768 ) 
4 249 251 (5120 -4096 3072 ) (5120 -4096 -768 ) (5120 -5120 -768 ) (5120 -5120 3072 ) 
4 249 250 (6144 -5120 -768 ) (5120 -5120 -768 ) (5120 -4096 -768 ) (6144 -4096 -768 ) 
4 250 254 (6144 -5120 -1024 ) (6144 -5120 -768 ) (5120 -5120 -768 ) (5120 -5120 -1024 ) 
4 250 252 (5120 -4096 -768 ) (5120 -4096 -1024 ) (5120 -5120 -1024 ) (5120 -5120 -768 ) 
4 251 257 (4096 -4096 3072 ) (4096 -4096 -768 ) (4096 -5120 -768 ) (4096 -5120 3072 ) 
4 251 255 (5120 -5120 -768 ) (5120 -5120 3072 ) (4096 -5120 3072 ) (4096 -5120 -768 ) 
4 251 252 (4096 -4096 -768 ) (5120 -4096 -768 ) (5120 -5120 -768 ) (4096 -5120 -768 ) 
4 252 258 (4096 -4096 -768 ) (4096 -4096 -1024 ) (4096 -5120 -1024 ) (4096 -5120 -768 ) 
4 252 256 (5120 -5120 -1024 ) (5120 -5120 -768 ) (4096 -5120 -768 ) (4096 -5120 -1024 ) 
4 253 255 (5120 -5120 3072 ) (5120 -5120 -768 ) (5120 -6144 -768 ) (5120 -6144 3072 ) 
4 253 254 (6144 -6144 -768 ) (5120 -6144 -768 ) (5120 -5120 -768 ) (6144 -5120 -768 ) 
4 254 256 (5120 -5120 -768 ) (5120 -5120 -1024 ) (5120 -6144 -1024 ) (5120 -6144 -768 ) 
4 255 261 (4096 -6144 -768 ) (4096 -6144 3072 ) (4096 -5120 3072 ) (4096 -5120 -768 ) 
4 255 256 (5120 -5120 -768 ) (5120 -6144 -768 ) (4096 -6144 -768 ) (4096 -5120 -768 ) 
4 256 262 (4096 -6144 -1024 ) (4096 -6144 -768 ) (4096 -5120 -768 ) (4096 -5120 -1024 ) 
4 257 261 (4096 -5120 -768 ) (4096 -5120 3072 ) (3072 -5120 3072 ) (3072 -5120 -768 ) 
4 257 259 (3072 -4096 3072 ) (3072 -4096 -768 ) (3072 -5120 -768 ) (3072 -5120 3072 ) 
4 257 258 (4096 -5120 -768 ) (3072 -5120 -768 ) (3072 -4096 -768 ) (4096 -4096 -768 ) 
4 258 262 (4096 -5120 -1024 ) (4096 -5120 -768 ) (3072 -5120 -768 ) (3072 -5120 -1024 ) 
4 258 260 (3072 -4096 -768 ) (3072 -4096 -1024 ) (3072 -5120 -1024 ) (3072 -5120 -768 ) 
4 259 265 (2048 -4096 3072 ) (2048 -4096 -768 ) (2048 -5120 -768 ) (2048 -5120 3072 ) 
4 259 263 (3072 -5120 -768 ) (3072 -5120 3072 ) (2048 -5120 3072 ) (2048 -5120 -768 ) 
4 259 260 (2048 -4096 -768 ) (3072 -4096 -768 ) (3072 -5120 -768 ) (2048 -5120 -768 ) 
4 260 266 (2048 -4096 -768 ) (2048 -4096 -1024 ) (2048 -5120 -1024 ) (2048 -5120 -768 ) 
4 260 264 (3072 -5120 -1024 ) (3072 -5120 -768 ) (2048 -5120 -768 ) (2048 -5120 -1024 ) 
4 261 263 (3072 -5120 3072 ) (3072 -5120 -768 ) (3072 -6144 -768 ) (3072 -6144 3072 ) 
4 261 262 (4096 -6144 -768 ) (3072 -6144 -768 ) (3072 -5120 -768 ) (4096 -5120 -768 ) 
4 262 264 (3072 -5120 -768 ) (3072 -5120 -1024 ) (3072 -6144 -1024 ) (3072 -6144 -768 ) 
4 263 269 (2048 -6144 -768 ) (2048 -6144 3072 ) (2048 -5120 3072 ) (2048 -5120 -768 ) 
4 263 264 (3072 -5120 -768 ) (3072 -6144 -768 ) (2048 -6144 -768 ) (2048 -5120 -768 ) 
4 264 270 (2048 -6144 -1024 ) (2048 -6144 -768 ) (2048 -5120 -768 ) (2048 -5120 -1024 ) 
4 265 269 (2048 -5120 -768 ) (2048 -5120 3072 ) (1024 -5120 3072 ) (1024 -5120 -768 ) 
4 265 267 (1024 -4096 3072 ) (1024 -4096 -768 ) (1024 -5120 -768 ) (1024 -5120 3072 ) 
4 265 266 (2048 -5120 -768 ) (1024 -5120 -768 ) (1024 -4096 -768 ) (2048 -4096 -768 ) 
4 266 270 (2048 -5120 -1024 ) (2048 -5120 -768 ) (1024 -5120 -768 ) (1024 -5120 -1024 ) 
4 266 268 (1024 -4096 -768 ) (1024 -4096 -1024 ) (1024 -5120 -1024 ) (1024 -5120 -768 ) 
4 267 340 (0 -5120 -768 ) (0 -5120 3072 ) (0 -4096 3072 ) (0 -4096 -768 ) 
4 267 271 (1024 -5120 -768 ) (1024 -5120 3072 ) (0 -5120 3072 ) (0 -5120 -768 ) 
4 267 268 (1024 -4096 -768 ) (1024 -5120 -768 ) (0 -5120 -768 ) (0 -4096 -768 ) 
4 268 341 (0 -5120 -1024 ) (0 -5120 -768 ) (0 -4096 -768 ) (0 -4096 -1024 ) 
4 268 272 (1024 -5120 -1024 ) (1024 -5120 -768 ) (0 -5120 -768 ) (0 -5120 -1024 ) 
4 269 271 (1024 -5120 3072 ) (1024 -5120 -768 ) (1024 -6144 -768 ) (1024 -6144 3072 ) 
4 269 270 (1024 -5120 -768 ) (2048 -5120 -768 ) (2048 -6144 -768 ) (1024 -6144 -768 ) 
4 270 272 (1024 -5120 -768 ) (1024 -5120 -1024 ) (1024 -6144 -1024 ) (1024 -6144 -768 ) 
4 271 344 (0 -6144 -768 ) (0 -6144 3072 ) (0 -5120 3072 ) (0 -5120 -768 ) 
4 271 272 (1024 -5120 -768 ) (1024 -6144 -768 ) (0 -6144 -768 ) (0 -5120 -768 ) 
4 272 345 (0 -6144 -1024 ) (0 -6144 -768 ) (0 -5120 -768 ) (0 -5120 -1024 ) 
4 273 281 (0 -1024 1 ) (0 -1024 3072 ) (-1024 -1024 3072 ) (-1024 -1024 1 ) 
4 273 277 (-1024 0 3072 ) (-1024 0 1 ) (-1024 -1024 1 ) (-1024 -1024 3072 ) 
4 273 274 (-904 -120 1 ) (-120 -120 1 ) (-120 -904 1 ) (-904 -904 1 ) 
4 275 283 (0 -1024 -768 ) (0 -1024 -64 ) (-1024 -1024 -64 ) (-1024 -1024 -768 ) 
4 275 279 (-1024 0 -64 ) (-1024 0 -768 ) (-1024 -1024 -768 ) (-1024 -1024 -64 ) 
4 275 276 (0 -1024 -768 ) (-1024 -1024 -768 ) (-1024 0 -768 ) (0 0 -768 ) 
4 276 284 (0 -1024 -1024 ) (0 -1024 -768 ) (-1024 -1024 -768 ) (-1024 -1024 -1024 ) 
4 276 280 (-1024 0 -768 ) (-1024 0 -1024 ) (-1024 -1024 -1024 ) (-1024 -1024 -768 ) 
4 277 289 (-2048 0 3072 ) (-2048 0 1 ) (-2048 -1024 1 ) (-2048 -1024 3072 ) 
4 277 285 (-1024 -1024 1 ) (-1024 -1024 3072 ) (-2048 -1024 3072 ) (-2048 -1024 1 ) 
4 277 278 (-1144 -904 1 ) (-1928 -904 1 ) (-1928 -120 1 ) (-1144 -120 1 ) 
4 279 290 (-2048 0 -64 ) (-2048 0 -768 ) (-2048 -1024 -768 ) (-2048 -1024 -64 ) 
4 279 287 (-1024 -1024 -768 ) (-1024 -1024 -64 ) (-2048 -1024 -64 ) (-2048 -1024 -768 ) 
4 279 280 (-2048 0 -768 ) (-1024 0 -768 ) (-1024 -1024 -768 ) (-2048 -1024 -768 ) 
4 280 292 (-2048 0 -768 ) (-2048 0 -1024 ) (-2048 -1024 -1024 ) (-2048 -1024 -768 ) 
4 280 288 (-1024 -1024 -1024 ) (-1024 -1024 -768 ) (-2048 -1024 -768 ) (-2048 -1024 -1024 ) 
4 281 301 (0 -2048 1 ) (0 -2048 3072 ) (-1024 -2048 3072 ) (-1024 -2048 1 ) 
4 281 285 (-1024 -1024 3072 ) (-1024 -1024 1 ) (-1024 -2048 1 ) (-1024 -2048 3072 ) 
4 281 282 (-904 -1144 1 ) (-120 -1144 1 ) (-120 -1928 1 ) (-904 -1928 1 ) 
4 283 302 (0 -2048 -768 ) (0 -2048 -64 ) (-1024 -2048 -64 ) (-1024 -2048 -768 ) 
4 283 287 (-1024 -1024 -64 ) (-1024 -1024 -768 ) (-1024 -2048 -768 ) (-1024 -2048 -64 ) 
4 283 284 (0 -2048 -768 ) (-1024 -2048 -768 ) (-1024 -1024 -768 ) (0 -1024 -768 ) 
4 284 304 (0 -2048 -1024 ) (0 -2048 -768 ) (-1024 -2048 -768 ) (-1024 -2048 -1024 ) 
4 284 288 (-1024 -1024 -768 ) (-1024 -1024 -1024 ) (-1024 -2048 -1024 ) (-1024 -2048 -768 ) 
4 285 305 (-1024 -2048 1 ) (-1024 -2048 3072 ) (-2048 -2048 3072 ) (-2048 -2048 1 ) 
4 285 295 (-2048 -2048 1 ) (-2048 -2048 3072 ) (-2048 -1024 3072 ) (-2048 -1024 1 ) 
4 285 286 (-1144 -1928 1 ) (-1928 -1928 1 ) (-1928 -1144 1 ) (-1144 -1144 1 ) 
4 287 306 (-1024 -2048 -768 ) (-1024 -2048 -64 ) (-2048 -2048 -64 ) (-2048 -2048 -768 ) 
4 287 296 (-2048 -2048 -768 ) (-2048 -2048 -64 ) (-2048 -1024 -64 ) (-2048 -1024 -768 ) 
4 287 288 (-1024 -1024 -768 ) (-1024 -2048 -768 ) (-2048 -2048 -768 ) (-2048 -1024 -768 ) 
4 288 308 (-1024 -2048 -1024 ) (-1024 -2048 -768 ) (-2048 -2048 -768 ) (-2048 -2048 -1024 ) 
4 288 298 (-2048 -2048 -1024 ) (-2048 -2048 -768 ) (-2048 -1024 -768 ) (-2048 -1024 -1024 ) 
4 289 295 (-2048 -1024 1 ) (-2048 -1024 3072 ) (-3072 -1024 3072 ) (-3072 -1024 1 ) 
4 289 293 (-3072 0 3072 ) (-3072 0 1 ) (-3072 -1024 1 ) (-3072 -1024 3072 ) 
4 289 291 (-3072 -1024 1 ) (-3072 0 1 ) (-2168 0 1 ) (-2168 -1024 1 ) 
4 290 296 (-2048 -1024 -768 ) (-2048 -1024 0 ) (-2168 -1024 0 ) (-2168 -1024 -768 ) 
4 290 292 (-2048 -1024 -768 ) (-2168 -1024 -768 ) (-2168 0 -768 ) (-2048 0 -768 ) 
4 290 291 (-2168 0 -768 ) (-2168 -1024 -768 ) (-2168 -1024 0 ) (-2168 0 0 ) 
4 291 297 (-2168 -1024 1 ) (-3072 -1024 1 ) (-3072 -1024 -768 ) (-2168 -1024 -768 ) 
4 291 293 (-3072 0 1 ) (-3072 0 -768 ) (-3072 -1024 -768 ) (-3072 -1024 1 ) 
4 291 292 (-2168 -1024 -768 ) (-3072 -1024 -768 ) (-3072 0 -768 ) (-2168 0 -768 ) 
4 292 298 (-2048 -1024 -1024 ) (-2048 -1024 -768 ) (-3072 -1024 -768 ) (-3072 -1024 -1024 ) 
4 292 294 (-3072 0 -768 ) (-3072 0 -1024 ) (-3072 -1024 -1024 ) (-3072 -1024 -768 ) 
4 293 324 (-4096 0 3072 ) (-4096 0 -768 ) (-4096 -1024 -768 ) (-4096 -1024 3072 ) 
4 293 299 (-3072 -1024 -768 ) (-3072 -1024 3072 ) (-4096 -1024 3072 ) (-4096 -1024 -768 ) 
4 293 294 (-4096 0 -768 ) (-3072 0 -768 ) (-3072 -1024 -768 ) (-4096 -1024 -768 ) 
4 294 325 (-4096 0 -768 ) (-4096 0 -1024 ) (-4096 -1024 -1024 ) (-4096 -1024 -768 ) 
4 294 300 (-3072 -1024 -1024 ) (-3072 -1024 -768 ) (-4096 -1024 -768 ) (-4096 -1024 -1024 ) 
4 295 313 (-2048 -2048 1 ) (-2048 -2048 3072 ) (-2168 -2048 3072 ) (-2168 -2048 1 ) 
4 295 316 (-2168 -2048 3072 ) (-3072 -2048 3072 ) (-3072 -2048 1 ) (-2168 -2048 1 ) 
4 295 299 (-3072 -1024 3072 ) (-3072 -1024 1 ) (-3072 -2048 1 ) (-3072 -2048 3072 ) 
4 295 297 (-2168 -2048 1 ) (-3072 -2048 1 ) (-3072 -1024 1 ) (-2168 -1024 1 ) 
4 296 314 (-2048 -2048 -768 ) (-2048 -2048 0 ) (-2168 -2048 0 ) (-2168 -2048 -768 ) 
4 296 298 (-2168 -1024 -768 ) (-2048 -1024 -768 ) (-2048 -2048 -768 ) (-2168 -2048 -768 ) 
4 296 297 (-2168 -1024 -768 ) (-2168 -2048 -768 ) (-2168 -2048 0 ) (-2168 -1024 0 ) 
4 297 316 (-2168 -2048 1 ) (-3072 -2048 1 ) (-3072 -2048 -768 ) (-2168 -2048 -768 ) 
4 297 299 (-3072 -1024 1 ) (-3072 -1024 -768 ) (-3072 -2048 -768 ) (-3072 -2048 1 ) 
4 297 298 (-3072 -1024 -768 ) (-2168 -1024 -768 ) (-2168 -2048 -768 ) (-3072 -2048 -768 ) 
4 298 317 (-2048 -2048 -1024 ) (-2048 -2048 -768 ) (-3072 -2048 -768 ) (-3072 -2048 -1024 ) 
4 298 300 (-3072 -1024 -768 ) (-3072 -1024 -1024 ) (-3072 -2048 -1024 ) (-3072 -2048 -768 ) 
4 299 328 (-4096 -2048 -768 ) (-4096 -2048 3072 ) (-4096 -1024 3072 ) (-4096 -1024 -768 ) 
4 299 318 (-3072 -2048 -768 ) (-3072 -2048 3072 ) (-4096 -2048 3072 ) (-4096 -2048 -768 ) 
4 299 300 (-3072 -1024 -768 ) (-3072 -2048 -768 ) (-4096 -2048 -768 ) (-4096 -1024 -768 ) 
4 300 329 (-4096 -2048 -1024 ) (-4096 -2048 -768 ) (-4096 -1024 -768 ) (-4096 -1024 -1024 ) 
4 300 319 (-3072 -2048 -1024 ) (-3072 -2048 -768 ) (-4096 -2048 -768 ) (-4096 -2048 -1024 ) 
4 301 309 (0 -3072 1 ) (0 -3072 3072 ) (-1024 -3072 3072 ) (-1024 -3072 1 ) 
4 301 305 (-1024 -2048 3072 ) (-1024 -2048 1 ) (-1024 -3072 1 ) (-1024 -3072 3072 ) 
4 301 303 (-1024 -3072 1 ) (-1024 -2168 1 ) (0 -2168 1 ) (0 -3072 1 ) 
4 302 306 (-1024 -2048 0 ) (-1024 -2048 -768 ) (-1024 -2168 -768 ) (-1024 -2168 0 ) 
4 302 304 (-1024 -2168 -768 ) (-1024 -2048 -768 ) (0 -2048 -768 ) (0 -2168 -768 ) 
4 302 303 (-1024 -2168 -768 ) (0 -2168 -768 ) (0 -2168 0 ) (-1024 -2168 0 ) 
4 303 309 (0 -3072 -768 ) (0 -3072 1 ) (-1024 -3072 1 ) (-1024 -3072 -768 ) 
4 303 307 (-1024 -2168 -768 ) (-1024 -3072 -768 ) (-1024 -3072 1 ) (-1024 -2168 1 ) 
4 303 304 (0 -3072 -768 ) (-1024 -3072 -768 ) (-1024 -2168 -768 ) (0 -2168 -768 ) 
4 304 310 (0 -3072 -1024 ) (0 -3072 -768 ) (-1024 -3072 -768 ) (-1024 -3072 -1024 ) 
4 304 308 (-1024 -2048 -768 ) (-1024 -2048 -1024 ) (-1024 -3072 -1024 ) (-1024 -3072 -768 ) 
4 305 313 (-2048 -2048 3072 ) (-2048 -2048 1 ) (-2048 -2168 1 ) (-2048 -2168 3072 ) 
4 305 315 (-2048 -2168 1 ) (-2048 -3072 1 ) (-2048 -3072 3072 ) (-2048 -2168 3072 ) 
4 305 311 (-1024 -3072 1 ) (-1024 -3072 3072 ) (-2048 -3072 3072 ) (-2048 -3072 1 ) 
4 305 307 (-1024 -3072 1 ) (-2048 -3072 1 ) (-2048 -2168 1 ) (-1024 -2168 1 ) 
4 306 314 (-2048 -2048 0 ) (-2048 -2048 -768 ) (-2048 -2168 -768 ) (-2048 -2168 0 ) 
4 306 308 (-2048 -2048 -768 ) (-1024 -2048 -768 ) (-1024 -2168 -768 ) (-2048 -2168 -768 ) 
4 306 307 (-2048 -2168 -768 ) (-1024 -2168 -768 ) (-1024 -2168 0 ) (-2048 -2168 0 ) 
4 307 315 (-2048 -2168 -768 ) (-2048 -3072 -768 ) (-2048 -3072 1 ) (-2048 -2168 1 ) 
4 307 311 (-1024 -3072 -768 ) (-1024 -3072 1 ) (-2048 -3072 1 ) (-2048 -3072 -768 ) 
4 307 308 (-1024 -2168 -768 ) (-1024 -3072 -768 ) (-2048 -3072 -768 ) (-2048 -2168 -768 ) 
4 308 317 (-2048 -2048 -768 ) (-2048 -2048 -1024 ) (-2048 -3072 -1024 ) (-2048 -3072 -768 ) 
4 308 312 (-1024 -3072 -1024 ) (-1024 -3072 -768 ) (-2048 -3072 -768 ) (-2048 -3072 -1024 ) 
4 309 340 (0 -4096 -768 ) (0 -4096 3072 ) (-1024 -4096 3072 ) (-1024 -4096 -768 ) 
4 309 311 (-1024 -3072 3072 ) (-1024 -3072 -768 ) (-1024 -4096 -768 ) (-1024 -4096 3072 ) 
4 309 310 (0 -4096 -768 ) (-1024 -4096 -768 ) (-1024 -3072 -768 ) (0 -3072 -768 ) 
4 310 341 (0 -4096 -1024 ) (0 -4096 -768 ) (-1024 -4096 -768 ) (-1024 -4096 -1024 ) 
4 310 312 (-1024 -3072 -768 ) (-1024 -3072 -1024 ) (-1024 -4096 -1024 ) (-1024 -4096 -768 ) 
4 311 342 (-1024 -4096 -768 ) (-1024 -4096 3072 ) (-2048 -4096 3072 ) (-2048 -4096 -768 ) 
4 311 320 (-2048 -4096 -768 ) (-2048 -4096 3072 ) (-2048 -3072 3072 ) (-2048 -3072 -768 ) 
4 311 312 (-1024 -3072 -768 ) (-1024 -4096 -768 ) (-2048 -4096 -768 ) (-2048 -3072 -768 ) 
4 312 343 (-1024 -4096 -1024 ) (-1024 -4096 -768 ) (-2048 -4096 -768 ) (-2048 -4096 -1024 ) 
4 312 321 (-2048 -4096 -1024 ) (-2048 -4096 -768 ) (-2048 -3072 -768 ) (-2048 -3072 -1024 ) 
4 313 316 (-2168 -2168 1 ) (-2168 -2168 3072 ) (-2168 -2048 3072 ) (-2168 -2048 1 ) 
4 313 315 (-2168 -2168 3072 ) (-2168 -2168 1 ) (-2048 -2168 1 ) (-2048 -2168 3072 ) 
4 314 317 (-2168 -2168 -768 ) (-2168 -2048 -768 ) (-2048 -2048 -768 ) (-2048 -2168 -768 ) 
4 314 315 (-2168 -2168 0 ) (-2168 -2168 -768 ) (-2048 -2168 -768 ) (-2048 -2168 0 ) 
4 314 316 (-2168 -2048 -768 ) (-2168 -2168 -768 ) (-2168 -2168 0 ) (-2168 -2048 0 ) 
4 315 320 (-2048 -3072 -768 ) (-2048 -3072 3072 ) (-2168 -3072 3072 ) (-2168 -3072 -768 ) 
4 315 317 (-2048 -3072 -768 ) (-2168 -3072 -768 ) (-2168 -2168 -768 ) (-2048 -2168 -768 ) 
4 315 316 (-2168 -2168 -768 ) (-2168 -3072 -768 ) (-2168 -3072 3072 ) (-2168 -2168 3072 ) 
4 316 320 (-2168 -3072 3072 ) (-3072 -3072 3072 ) (-3072 -3072 -768 ) (-2168 -3072 -768 ) 
4 316 318 (-3072 -2048 3072 ) (-3072 -2048 -768 ) (-3072 -3072 -768 ) (-3072 -3072 3072 ) 
4 316 317 (-2168 -3072 -768 ) (-3072 -3072 -768 ) (-3072 -2048 -768 ) (-2168 -2048 -768 ) 
4 317 321 (-2048 -3072 -1024 ) (-2048 -3072 -768 ) (-3072 -3072 -768 ) (-3072 -3072 -1024 ) 
4 317 319 (-3072 -2048 -768 ) (-3072 -2048 -1024 ) (-3072 -3072 -1024 ) (-3072 -3072 -768 ) 
4 318 332 (-4096 -3072 -768 ) (-4096 -3072 3072 ) (-4096 -2048 3072 ) (-4096 -2048 -768 ) 
4 318 322 (-3072 -3072 -768 ) (-3072 -3072 3072 ) (-4096 -3072 3072 ) (-4096 -3072 -768 ) 
4 318 319 (-3072 -2048 -768 ) (-3072 -3072 -768 ) (-4096 -3072 -768 ) (-4096 -2048 -768 ) 
4 319 333 (-4096 -3072 -1024 ) (-4096 -3072 -768 ) (-4096 -2048 -768 ) (-4096 -2048 -1024 ) 
4 319 323 (-3072 -3072 -1024 ) (-3072 -3072 -768 ) (-4096 -3072 -768 ) (-4096 -3072 -1024 ) 
4 320 348 (-2048 -4096 -768 ) (-2048 -4096 3072 ) (-3072 -4096 3072 ) (-3072 -4096 -768 ) 
4 320 322 (-3072 -3072 3072 ) (-3072 -3072 -768 ) (-3072 -4096 -768 ) (-3072 -4096 3072 ) 
4 320 321 (-3072 -3072 -768 ) (-2048 -3072 -768 ) (-2048 -4096 -768 ) (-3072 -4096 -768 ) 
4 321 349 (-2048 -4096 -1024 ) (-2048 -4096 -768 ) (-3072 -4096 -768 ) (-3072 -4096 -1024 ) 
4 321 323 (-3072 -3072 -768 ) (-3072 -3072 -1024 ) (-3072 -4096 -1024 ) (-3072 -4096 -768 ) 
4 322 350 (-3072 -4096 -768 ) (-3072 -4096 3072 ) (-4096 -4096 3072 ) (-4096 -4096 -768 ) 
4 322 336 (-4096 -4096 -768 ) (-4096 -4096 3072 ) (-4096 -3072 3072 ) (-4096 -3072 -768 ) 
4 322 323 (-3072 -3072 -768 ) (-3072 -4096 -768 ) (-4096 -4096 -768 ) (-4096 -3072 -768 ) 
4 323 351 (-3072 -4096 -1024 ) (-3072 -4096 -768 ) (-4096 -4096 -768 ) (-4096 -4096 -1024 ) 
4 323 337 (-4096 -4096 -1024 ) (-4096 -4096 -768 ) (-4096 -3072 -768 ) (-4096 -3072 -1024 ) 
4 324 328 (-4096 -1024 -768 ) (-4096 -1024 3072 ) (-5120 -1024 3072 ) (-5120 -1024 -768 ) 
4 324 326 (-5120 0 3072 ) (-5120 0 -768 ) (-5120 -1024 -768 ) (-5120 -1024 3072 ) 
4 324 325 (-4096 -1024 -768 ) (-5120 -1024 -768 ) (-5120 0 -768 ) (-4096 0 -768 ) 
4 325 329 (-4096 -1024 -1024 ) (-4096 -1024 -768 ) (-5120 -1024 -768 ) (-5120 -1024 -1024 ) 
4 325 327 (-5120 0 -768 ) (-5120 0 -1024 ) (-5120 -1024 -1024 ) (-5120 -1024 -768 ) 
4 326 330 (-5120 -1024 -768 ) (-5120 -1024 3072 ) (-6144 -1024 3072 ) (-6144 -1024 -768 ) 
4 326 327 (-6144 0 -768 ) (-5120 0 -768 ) (-5120 -1024 -768 ) (-6144 -1024 -768 ) 
4 327 331 (-5120 -1024 -1024 ) (-5120 -1024 -768 ) (-6144 -1024 -768 ) (-6144 -1024 -1024 ) 
4 328 332 (-4096 -2048 -768 ) (-4096 -2048 3072 ) (-5120 -2048 3072 ) (-5120 -2048 -768 ) 
4 328 330 (-5120 -1024 3072 ) (-5120 -1024 -768 ) (-5120 -2048 -768 ) (-5120 -2048 3072 ) 
4 328 329 (-4096 -2048 -768 ) (-5120 -2048 -768 ) (-5120 -1024 -768 ) (-4096 -1024 -768 ) 
4 329 333 (-4096 -2048 -1024 ) (-4096 -2048 -768 ) (-5120 -2048 -768 ) (-5120 -2048 -1024 ) 
4 329 331 (-5120 -1024 -768 ) (-5120 -1024 -1024 ) (-5120 -2048 -1024 ) (-5120 -2048 -768 ) 
4 330 334 (-5120 -2048 -768 ) (-5120 -2048 3072 ) (-6144 -2048 3072 ) (-6144 -2048 -768 ) 
4 330 331 (-5120 -1024 -768 ) (-5120 -2048 -768 ) (-6144 -2048 -768 ) (-6144 -1024 -768 ) 
4 331 335 (-5120 -2048 -1024 ) (-5120 -2048 -768 ) (-6144 -2048 -768 ) (-6144 -2048 -1024 ) 
4 332 336 (-4096 -3072 -768 ) (-4096 -3072 3072 ) (-5120 -3072 3072 ) (-5120 -3072 -768 ) 
4 332 334 (-5120 -2048 3072 ) (-5120 -2048 -768 ) (-5120 -3072 -768 ) (-5120 -3072 3072 ) 
4 332 333 (-4096 -3072 -768 ) (-5120 -3072 -768 ) (-5120 -2048 -768 ) (-4096 -2048 -768 ) 
4 333 337 (-4096 -3072 -1024 ) (-4096 -3072 -768 ) (-5120 -3072 -768 ) (-5120 -3072 -1024 ) 
4 333 335 (-5120 -2048 -768 ) (-5120 -2048 -1024 ) (-5120 -3072 -1024 ) (-5120 -3072 -768 ) 
4 334 338 (-5120 -3072 -768 ) (-5120 -3072 3072 ) (-6144 -3072 3072 ) (-6144 -3072 -768 ) 
4 334 335 (-6144 -2048 -768 ) (-5120 -2048 -768 ) (-5120 -3072 -768 ) (-6144 -3072 -768 ) 
4 335 339 (-5120 -3072 -1024 ) (-5120 -3072 -768 ) (-6144 -3072 -768 ) (-6144 -3072 -1024 ) 
4 336 356 (-4096 -4096 -768 ) (-4096 -4096 3072 ) (-5120 -4096 3072 ) (-5120 -4096 -768 ) 
4 336 338 (-5120 -3072 3072 ) (-5120 -3072 -768 ) (-5120 -4096 -768 ) (-5120 -4096 3072 ) 
4 336 337 (-5120 -3072 -768 ) (-4096 -3072 -768 ) (-4096 -4096 -768 ) (-5120 -4096 -768 ) 
4 337 357 (-4096 -4096 -1024 ) (-4096 -4096 -768 ) (-5120 -4096 -768 ) (-5120 -4096 -1024 ) 
4 337 339 (-5120 -3072 -768 ) (-5120 -3072 -1024 ) (-5120 -4096 -1024 ) (-5120 -4096 -768 ) 
4 338 358 (-5120 -4096 -768 ) (-5120 -4096 3072 ) (-6144 -4096 3072 ) (-6144 -4096 -768 ) 
4 338 339 (-5120 -3072 -768 ) (-5120 -4096 -768 ) (-6144 -4096 -768 ) (-6144 -3072 -768 ) 
4 339 359 (-5120 -4096 -1024 ) (-5120 -4096 -768 ) (-6144 -4096 -768 ) (-6144 -4096 -1024 ) 
4 340 344 (0 -5120 -768 ) (0 -5120 3072 ) (-1024 -5120 3072 ) (-1024 -5120 -768 ) 
4 340 342 (-1024 -4096 3072 ) (-1024 -4096 -768 ) (-1024 -5120 -768 ) (-1024 -5120 3072 ) 
4 340 341 (0 -5120 -768 ) (-1024 -5120 -768 ) (-1024 -4096 -768 ) (0 -4096 -768 ) 
4 341 345 (0 -5120 -1024 ) (0 -5120 -768 ) (-1024 -5120 -768 ) (-1024 -5120 -1024 ) 
4 341 343 (-1024 -4096 -768 ) (-1024 -4096 -1024 ) (-1024 -5120 -1024 ) (-1024 -5120 -768 ) 
4 342 348 (-2048 -4096 3072 ) (-2048 -4096 -768 ) (-2048 -5120 -768 ) (-2048 -5120 3072 ) 
4 342 346 (-1024 -5120 -768 ) (-1024 -5120 3072 ) (-2048 -5120 3072 ) (-2048 -5120 -768 ) 
4 342 343 (-2048 -4096 -768 ) (-1024 -4096 -768 ) (-1024 -5120 -768 ) (-2048 -5120 -768 ) 
4 343 349 (-2048 -4096 -768 ) (-2048 -4096 -1024 ) (-2048 -5120 -1024 ) (-2048 -5120 -768 ) 
4 343 347 (-1024 -5120 -1024 ) (-1024 -5120 -768 ) (-2048 -5120 -768 ) (-2048 -5120 -1024 ) 
4 344 346 (-1024 -5120 3072 ) (-1024 -5120 -768 ) (-1024 -6144 -768 ) (-1024 -6144 3072 ) 
4 344 345 (0 -6144 -768 ) (-1024 -6144 -768 ) (-1024 -5120 -768 ) (0 -5120 -768 ) 
4 345 347 (-1024 -5120 -768 ) (-1024 -5120 -1024 ) (-1024 -6144 -1024 ) (-1024 -6144 -768 ) 
4 346 352 (-2048 -6144 -768 ) (-2048 -6144 3072 ) (-2048 -5120 3072 ) (-2048 -5120 -768 ) 
4 346 347 (-1024 -5120 -768 ) (-1024 -6144 -768 ) (-2048 -6144 -768 ) (-2048 -5120 -768 ) 
4 347 353 (-2048 -6144 -1024 ) (-2048 -6144 -768 ) (-2048 -5120 -768 ) (-2048 -5120 -1024 ) 
4 348 352 (-2048 -5120 -768 ) (-2048 -5120 3072 ) (-3072 -5120 3072 ) (-3072 -5120 -768 ) 
4 348 350 (-3072 -4096 3072 ) (-3072 -4096 -768 ) (-3072 -5120 -768 ) (-3072 -5120 3072 ) 
4 348 349 (-2048 -5120 -768 ) (-3072 -5120 -768 ) (-3072 -4096 -768 ) (-2048 -4096 -768 ) 
4 349 353 (-2048 -5120 -1024 ) (-2048 -5120 -768 ) (-3072 -5120 -768 ) (-3072 -5120 -1024 ) 
4 349 351 (-3072 -4096 -768 ) (-3072 -4096 -1024 ) (-3072 -5120 -1024 ) (-3072 -5120 -768 ) 
4 350 356 (-4096 -4096 3072 ) (-4096 -4096 -768 ) (-4096 -5120 -768 ) (-4096 -5120 3072 ) 
4 350 354 (-3072 -5120 -768 ) (-3072 -5120 3072 ) (-4096 -5120 3072 ) (-4096 -5120 -768 ) 
4 350 351 (-4096 -4096 -768 ) (-3072 -4096 -768 ) (-3072 -5120 -768 ) (-4096 -5120 -768 ) 
4 351 357 (-4096 -4096 -768 ) (-4096 -4096 -1024 ) (-4096 -5120 -1024 ) (-4096 -5120 -768 ) 
4 351 355 (-3072 -5120 -1024 ) (-3072 -5120 -768 ) (-4096 -5120 -768 ) (-4096 -5120 -1024 ) 
4 352 354 (-3072 -5120 3072 ) (-3072 -5120 -768 ) (-3072 -6144 -768 ) (-3072 -6144 3072 ) 
4 352 353 (-3072 -5120 -768 ) (-2048 -5120 -768 ) (-2048 -6144 -768 ) (-3072 -6144 -768 ) 
4 353 355 (-3072 -5120 -768 ) (-3072 -5120 -1024 ) (-3072 -6144 -1024 ) (-3072 -6144 -768 ) 
4 354 360 (-4096 -6144 -768 ) (-4096 -6144 3072 ) (-4096 -5120 3072 ) (-4096 -5120 -768 ) 
4 354 355 (-3072 -5120 -768 ) (-3072 -6144 -768 ) (-4096 -6144 -768 ) (-4096 -5120 -768 ) 
4 355 361 (-4096 -6144 -1024 ) (-4096 -6144 -768 ) (-4096 -5120 -768 ) (-4096 -5120 -1024 ) 
4 356 360 (-4096 -5120 -768 ) (-4096 -5120 3072 ) (-5120 -5120 3072 ) (-5120 -5120 -768 ) 
4 356 358 (-5120 -4096 3072 ) (-5120 -4096 -768 ) (-5120 -5120 -768 ) (-5120 -5120 3072 ) 
4 356 357 (-4096 -5120 -768 ) (-5120 -5120 -768 ) (-5120 -4096 -768 ) (-4096 -4096 -768 ) 
4 357 361 (-4096 -5120 -1024 ) (-4096 -5120 -768 ) (-5120 -5120 -768 ) (-5120 -5120 -1024 ) 
4 357 359 (-5120 -4096 -768 ) (-5120 -4096 -1024 ) (-5120 -5120 -1024 ) (-5120 -5120 -768 ) 
4 358 362 (-5120 -5120 -768 ) (-5120 -5120 3072 ) (-6144 -5120 3072 ) (-6144 -5120 -768 ) 
4 358 359 (-6144 -4096 -768 ) (-5120 -4096 -768 ) (-5120 -5120 -768 ) (-6144 -5120 -768 ) 
4 359 363 (-5120 -5120 -1024 ) (-5120 -5120 -768 ) (-6144 -5120 -768 ) (-6144 -5120 -1024 ) 
4 360 362 (-5120 -5120 3072 ) (-5120 -5120 -768 ) (-5120 -6144 -768 ) (-5120 -6144 3072 ) 
4 360 361 (-4096 -6144 -768 ) (-5120 -6144 -768 ) (-5120 -5120 -768 ) (-4096 -5120 -768 ) 
4 361 363 (-5120 -5120 -768 ) (-5120 -5120 -1024 ) (-5120 -6144 -1024 ) (-5120 -6144 -768 ) 
4 362 363 (-5120 -5120 -768 ) (-5120 -6144 -768 ) (-6144 -6144 -768 ) (-6144 -5120 -768 ) 
